INFO:root:Wind Speed = 0.000000 mph, Count = 0
INFO:root:Gust Speed = 0.000000 mph, Count = 0
INFO:root:Wind Direction = 197.121153 degrees
INFO:root:Gust Direction = 197.208841 degrees
INFO:root:Wind Time = Mon Nov 19 08:41:56 2018
INFO:root:Gust Time = Mon Nov 19 08:41:56 2018
INFO:root:Direction Time = Mon Nov 19 08:41:56 2018
INFO:root:outdoor humidity = 89.935822
INFO:root:outdoor temperature = 22.303810 degF
INFO:root:pressure = 27.594507 inHg
INFO:root:temperature/humidity received time = Mon Nov 19 08:41:56 2018
INFO:root:pressure received time = Mon Nov 19 08:41:56 2018
INFO:root:Rain Count = 0
INFO:root:Rain Time = Mon Nov 19 08:41:56 2018
INFO:root:Using solar: superCap voltage = 5.234971 volts
INFO:root:power received time = Mon Nov 19 08:41:56 2018
INFO:root:Node ETime = Mon Nov 19 08:41:56 2018
INFO:root:Node Time Offset = 1
INFO:root:indoor humidity = 16.510529
INFO:root:indoor temperature = 75.026245 degF
INFO:root:temperature/humidity received time = Mon Nov 19 08:41:57 2018
INFO:root:Wind Speed = 0.000000 mph, Count = 7
INFO:root:Gust Speed = 1.800286 mph, Count = 3
INFO:root:Wind Direction = 197.471906 degrees
INFO:root:Gust Direction = 197.998036 degrees
INFO:root:Wind Time = Mon Nov 19 08:42:57 2018
INFO:root:Gust Time = Mon Nov 19 08:42:37 2018
INFO:root:Direction Time = Mon Nov 19 08:42:57 2018
INFO:root:outdoor humidity = 89.630646
INFO:root:outdoor temperature = 22.342420 degF
INFO:root:pressure = 27.592144 inHg
INFO:root:temperature/humidity received time = Mon Nov 19 08:42:57 2018
INFO:root:pressure received time = Mon Nov 19 08:42:57 2018
INFO:root:Rain Count = 0
INFO:root:Rain Time = Mon Nov 19 08:42:57 2018
INFO:root:Using solar: superCap voltage = 5.244343 volts
INFO:root:power received time = Mon Nov 19 08:42:57 2018
INFO:root:Node ETime = Mon Nov 19 08:42:57 2018
INFO:root:Node Time Offset = 0
INFO:root:indoor humidity = 16.487640
INFO:root:indoor temperature = 74.949024 degF
INFO:root:temperature/humidity received time = Mon Nov 19 08:42:57 2018
INFO:root:Wind Speed = 0.000000 mph, Count = 6
INFO:root:Gust Speed = 1.461167 mph, Count = 2
INFO:root:Wind Direction = 190.632214 degrees
INFO:root:Gust Direction = 188.001563 degrees
INFO:root:Wind Time = Mon Nov 19 08:43:57 2018
INFO:root:Gust Time = Mon Nov 19 08:43:22 2018
INFO:root:Direction Time = Mon Nov 19 08:43:57 2018
INFO:root:outdoor humidity = 89.447540
INFO:root:outdoor temperature = 22.477556 degF
INFO:root:pressure = 27.588305 inHg
INFO:root:temperature/humidity received time = Mon Nov 19 08:43:57 2018
INFO:root:pressure received time = Mon Nov 19 08:43:57 2018
INFO:root:Rain Count = 0
INFO:root:Rain Time = Mon Nov 19 08:43:57 2018
INFO:root:Using solar: superCap voltage = 5.234971 volts
INFO:root:power received time = Mon Nov 19 08:43:57 2018
INFO:root:Node ETime = Mon Nov 19 08:43:57 2018
INFO:root:Node Time Offset = 0
INFO:root:indoor humidity = 16.563934
INFO:root:indoor temperature = 74.929719 degF
INFO:root:temperature/humidity received time = Mon Nov 19 08:43:57 2018
INFO:root:Wind Speed = 0.000000 mph, Count = 0
INFO:root:Gust Speed = 0.000000 mph, Count = 0
INFO:root:Wind Direction = 171.516151 degrees
INFO:root:Gust Direction = 171.340774 degrees
INFO:root:Wind Time = Mon Nov 19 08:44:57 2018
INFO:root:Gust Time = Mon Nov 19 08:44:57 2018
INFO:root:Direction Time = Mon Nov 19 08:44:57 2018
INFO:root:outdoor humidity = 89.333099
INFO:root:outdoor temperature = 22.670608 degF
INFO:root:pressure = 27.585942 inHg
INFO:root:temperature/humidity received time = Mon Nov 19 08:44:57 2018
INFO:root:pressure received time = Mon Nov 19 08:44:57 2018
INFO:root:Rain Count = 0
INFO:root:Rain Time = Mon Nov 19 08:44:57 2018
INFO:root:Using solar: superCap voltage = 5.236310 volts
INFO:root:power received time = Mon Nov 19 08:44:57 2018
INFO:root:Node ETime = Mon Nov 19 08:44:57 2018
INFO:root:Node Time Offset = 0
INFO:root:indoor humidity = 16.579193
INFO:root:indoor temperature = 74.833193 degF
INFO:root:temperature/humidity received time = Mon Nov 19 08:44:57 2018
INFO:root:Wind Speed = 0.000000 mph, Count = 0
INFO:root:Gust Speed = 0.000000 mph, Count = 0
INFO:root:Wind Direction = 172.743788 degrees
INFO:root:Gust Direction = 172.919165 degrees
INFO:root:Wind Time = Mon Nov 19 08:45:57 2018
INFO:root:Gust Time = Mon Nov 19 08:45:57 2018
INFO:root:Direction Time = Mon Nov 19 08:45:57 2018
INFO:root:outdoor humidity = 89.134735
INFO:root:outdoor temperature = 22.882965 degF
INFO:root:pressure = 27.581217 inHg
INFO:root:temperature/humidity received time = Mon Nov 19 08:45:57 2018
INFO:root:pressure received time = Mon Nov 19 08:45:57 2018
INFO:root:Rain Count = 0
INFO:root:Rain Time = Mon Nov 19 08:45:57 2018
INFO:root:Using solar: superCap voltage = 5.228276 volts
INFO:root:power received time = Mon Nov 19 08:45:57 2018
INFO:root:Node ETime = Mon Nov 19 08:45:57 2018
INFO:root:Node Time Offset = 0
INFO:root:indoor humidity = 16.541046
INFO:root:indoor temperature = 74.891108 degF
INFO:root:temperature/humidity received time = Mon Nov 19 08:45:57 2018
INFO:root:Wind Speed = 0.000000 mph, Count = 0
INFO:root:Gust Speed = 0.000000 mph, Count = 0
INFO:root:Wind Direction = 173.182230 degrees
INFO:root:Gust Direction = 173.094541 degrees
INFO:root:Wind Time = Mon Nov 19 08:46:57 2018
INFO:root:Gust Time = Mon Nov 19 08:46:57 2018
INFO:root:Direction Time = Mon Nov 19 08:46:57 2018
INFO:root:outdoor humidity = 88.829559
INFO:root:outdoor temperature = 23.018101 degF
INFO:root:pressure = 27.578263 inHg
INFO:root:temperature/humidity received time = Mon Nov 19 08:46:57 2018
INFO:root:pressure received time = Mon Nov 19 08:46:57 2018
INFO:root:Rain Count = 0
INFO:root:Rain Time = Mon Nov 19 08:46:57 2018
INFO:root:Using solar: superCap voltage = 5.229615 volts
INFO:root:power received time = Mon Nov 19 08:46:57 2018
INFO:root:Node ETime = Mon Nov 19 08:46:57 2018
INFO:root:Node Time Offset = 0
INFO:root:indoor humidity = 16.541046
INFO:root:indoor temperature = 74.910414 degF
INFO:root:temperature/humidity received time = Mon Nov 19 08:46:57 2018
INFO:root:Wind Speed = 0.000000 mph, Count = 0
INFO:root:Gust Speed = 0.000000 mph, Count = 0
INFO:root:Wind Direction = 184.669405 degrees
INFO:root:Gust Direction = 184.494029 degrees
INFO:root:Wind Time = Mon Nov 19 08:47:57 2018
INFO:root:Gust Time = Mon Nov 19 08:47:57 2018
INFO:root:Direction Time = Mon Nov 19 08:47:57 2018
INFO:root:outdoor humidity = 88.783783
INFO:root:outdoor temperature = 23.133932 degF
INFO:root:pressure = 27.575015 inHg
INFO:root:temperature/humidity received time = Mon Nov 19 08:47:57 2018
INFO:root:pressure received time = Mon Nov 19 08:47:57 2018
INFO:root:Rain Count = 0
INFO:root:Rain Time = Mon Nov 19 08:47:57 2018
INFO:root:Using solar: superCap voltage = 5.229615 volts
INFO:root:power received time = Mon Nov 19 08:47:57 2018
INFO:root:Node ETime = Mon Nov 19 08:47:57 2018
INFO:root:Node Time Offset = 0
INFO:root:indoor humidity = 16.426605
INFO:root:indoor temperature = 75.122771 degF
INFO:root:temperature/humidity received time = Mon Nov 19 08:47:57 2018
INFO:root:Wind Speed = 0.000000 mph, Count = 0
INFO:root:Gust Speed = 0.000000 mph, Count = 0
INFO:root:Wind Direction = 184.844782 degrees
INFO:root:Gust Direction = 184.932470 degrees
INFO:root:Wind Time = Mon Nov 19 08:48:57 2018
INFO:root:Gust Time = Mon Nov 19 08:48:57 2018
INFO:root:Direction Time = Mon Nov 19 08:48:57 2018
INFO:root:outdoor humidity = 88.905853
INFO:root:outdoor temperature = 23.462120 degF
INFO:root:pressure = 27.568222 inHg
INFO:root:temperature/humidity received time = Mon Nov 19 08:48:57 2018
INFO:root:pressure received time = Mon Nov 19 08:48:57 2018
INFO:root:Rain Count = 0
INFO:root:Rain Time = Mon Nov 19 08:48:57 2018
INFO:root:Using solar: superCap voltage = 5.238987 volts
INFO:root:power received time = Mon Nov 19 08:48:57 2018
INFO:root:Node ETime = Mon Nov 19 08:48:57 2018
INFO:root:Node Time Offset = -1
INFO:root:indoor humidity = 16.396088
INFO:root:indoor temperature = 74.968329 degF
INFO:root:temperature/humidity received time = Mon Nov 19 08:48:57 2018
INFO:root:Wind Speed = 0.000000 mph, Count = 0
INFO:root:Gust Speed = 0.000000 mph, Count = 0
INFO:root:Wind Direction = 164.501082 degrees
INFO:root:Gust Direction = 164.413394 degrees
INFO:root:Wind Time = Mon Nov 19 08:49:57 2018
INFO:root:Gust Time = Mon Nov 19 08:49:57 2018
INFO:root:Direction Time = Mon Nov 19 08:49:57 2018
INFO:root:outdoor humidity = 88.486237
INFO:root:outdoor temperature = 23.751698 degF
INFO:root:pressure = 27.559657 inHg
INFO:root:temperature/humidity received time = Mon Nov 19 08:49:57 2018
INFO:root:pressure received time = Mon Nov 19 08:49:57 2018
INFO:root:Rain Count = 0
INFO:root:Rain Time = Mon Nov 19 08:49:57 2018
INFO:root:Using solar: superCap voltage = 5.236310 volts
INFO:root:power received time = Mon Nov 19 08:49:57 2018
INFO:root:Node ETime = Mon Nov 19 08:49:57 2018
INFO:root:Node Time Offset = 0
INFO:root:indoor humidity = 16.365570
INFO:root:indoor temperature = 75.026245 degF
INFO:root:temperature/humidity received time = Mon Nov 19 08:49:57 2018
INFO:root:Wind Speed = 0.000000 mph, Count = 0
INFO:root:Gust Speed = 0.000000 mph, Count = 0
INFO:root:Wind Direction = 201.680948 degrees
INFO:root:Gust Direction = 201.680948 degrees
INFO:root:Wind Time = Mon Nov 19 08:50:57 2018
INFO:root:Gust Time = Mon Nov 19 08:50:57 2018
INFO:root:Direction Time = Mon Nov 19 08:50:57 2018
INFO:root:outdoor humidity = 88.364166
INFO:root:outdoor temperature = 23.925444 degF
INFO:root:pressure = 27.555523 inHg
INFO:root:temperature/humidity received time = Mon Nov 19 08:50:57 2018
INFO:root:pressure received time = Mon Nov 19 08:50:57 2018
INFO:root:Rain Count = 0
INFO:root:Rain Time = Mon Nov 19 08:50:57 2018
INFO:root:Using solar: superCap voltage = 5.233632 volts
INFO:root:power received time = Mon Nov 19 08:50:57 2018
INFO:root:Node ETime = Mon Nov 19 08:50:57 2018
INFO:root:Node Time Offset = 0
INFO:root:indoor humidity = 16.335052
INFO:root:indoor temperature = 75.026245 degF
INFO:root:temperature/humidity received time = Mon Nov 19 08:50:57 2018
INFO:root:Wind Speed = 0.000000 mph, Count = 3
INFO:root:Gust Speed = 1.122047 mph, Count = 1
INFO:root:Wind Direction = 189.229200 degrees
INFO:root:Gust Direction = 190.106084 degrees
INFO:root:Wind Time = Mon Nov 19 08:51:57 2018
INFO:root:Gust Time = Mon Nov 19 08:51:37 2018
INFO:root:Direction Time = Mon Nov 19 08:51:57 2018
INFO:root:outdoor humidity = 88.631195
INFO:root:outdoor temperature = 23.944750 degF
INFO:root:pressure = 27.556113 inHg
INFO:root:temperature/humidity received time = Mon Nov 19 08:51:57 2018
INFO:root:pressure received time = Mon Nov 19 08:51:57 2018
INFO:root:Rain Count = 0
INFO:root:Rain Time = Mon Nov 19 08:51:57 2018
INFO:root:Using solar: superCap voltage = 5.247021 volts
INFO:root:power received time = Mon Nov 19 08:51:57 2018
INFO:root:Node ETime = Mon Nov 19 08:51:57 2018
INFO:root:Node Time Offset = 0
INFO:root:indoor humidity = 16.304535
INFO:root:indoor temperature = 75.161381 degF
INFO:root:temperature/humidity received time = Mon Nov 19 08:51:57 2018
INFO:root:Wind Speed = 0.000000 mph, Count = 0
INFO:root:Gust Speed = 0.000000 mph, Count = 0
INFO:root:Wind Direction = 175.111374 degrees
INFO:root:Gust Direction = 175.199062 degrees
INFO:root:Wind Time = Mon Nov 19 08:52:57 2018
INFO:root:Gust Time = Mon Nov 19 08:52:57 2018
INFO:root:Direction Time = Mon Nov 19 08:52:57 2018
INFO:root:outdoor humidity = 88.776154
INFO:root:outdoor temperature = 24.118496 degF
INFO:root:pressure = 27.549616 inHg
INFO:root:temperature/humidity received time = Mon Nov 19 08:52:57 2018
INFO:root:pressure received time = Mon Nov 19 08:52:57 2018
INFO:root:Rain Count = 0
INFO:root:Rain Time = Mon Nov 19 08:52:57 2018
INFO:root:Using solar: superCap voltage = 5.241665 volts
INFO:root:power received time = Mon Nov 19 08:52:57 2018
INFO:root:Node ETime = Mon Nov 19 08:52:57 2018
INFO:root:Node Time Offset = 0
INFO:root:indoor humidity = 16.258759
INFO:root:indoor temperature = 75.064855 degF
INFO:root:temperature/humidity received time = Mon Nov 19 08:52:57 2018
INFO:root:Wind Speed = 0.000000 mph, Count = 0
INFO:root:Gust Speed = 0.000000 mph, Count = 0
INFO:root:Wind Direction = 122.673733 degrees
INFO:root:Gust Direction = 132.407141 degrees
INFO:root:Wind Time = Mon Nov 19 08:53:57 2018
INFO:root:Gust Time = Mon Nov 19 08:53:57 2018
INFO:root:Direction Time = Mon Nov 19 08:53:57 2018
INFO:root:outdoor humidity = 88.234467
INFO:root:outdoor temperature = 24.215022 degF
INFO:root:pressure = 27.550207 inHg
INFO:root:temperature/humidity received time = Mon Nov 19 08:53:57 2018
INFO:root:pressure received time = Mon Nov 19 08:53:57 2018
INFO:root:Rain Count = 0
INFO:root:Rain Time = Mon Nov 19 08:53:57 2018
INFO:root:Using solar: superCap voltage = 5.232293 volts
INFO:root:power received time = Mon Nov 19 08:53:57 2018
INFO:root:Node ETime = Mon Nov 19 08:53:57 2018
INFO:root:Node Time Offset = 0
INFO:root:indoor humidity = 16.190094
INFO:root:indoor temperature = 75.354433 degF
INFO:root:temperature/humidity received time = Mon Nov 19 08:53:57 2018
INFO:root:Wind Speed = 0.000000 mph, Count = 0
INFO:root:Gust Speed = 0.000000 mph, Count = 0
INFO:root:Wind Direction = 188.703070 degrees
INFO:root:Gust Direction = 188.703070 degrees
INFO:root:Wind Time = Mon Nov 19 08:54:57 2018
INFO:root:Gust Time = Mon Nov 19 08:54:57 2018
INFO:root:Direction Time = Mon Nov 19 08:54:57 2018
INFO:root:outdoor humidity = 88.081879
INFO:root:outdoor temperature = 24.253632 degF
INFO:root:pressure = 27.544595 inHg
INFO:root:temperature/humidity received time = Mon Nov 19 08:54:57 2018
INFO:root:pressure received time = Mon Nov 19 08:54:57 2018
INFO:root:Rain Count = 0
INFO:root:Rain Time = Mon Nov 19 08:54:57 2018
INFO:root:Using solar: superCap voltage = 5.248359 volts
INFO:root:power received time = Mon Nov 19 08:54:57 2018
INFO:root:Node ETime = Mon Nov 19 08:54:57 2018
INFO:root:Node Time Offset = 0
INFO:root:indoor humidity = 16.289276
INFO:root:indoor temperature = 75.006939 degF
INFO:root:temperature/humidity received time = Mon Nov 19 08:54:57 2018
INFO:root:Wind Speed = 1.037267 mph, Count = 9
INFO:root:Gust Speed = 1.800286 mph, Count = 3
INFO:root:Wind Direction = 188.966135 degrees
INFO:root:Gust Direction = 187.475433 degrees
INFO:root:Wind Time = Mon Nov 19 08:55:57 2018
INFO:root:Gust Time = Mon Nov 19 08:55:37 2018
INFO:root:Direction Time = Mon Nov 19 08:55:57 2018
INFO:root:outdoor humidity = 88.066620
INFO:root:outdoor temperature = 24.272937 degF
INFO:root:pressure = 27.547253 inHg
INFO:root:temperature/humidity received time = Mon Nov 19 08:55:57 2018
INFO:root:pressure received time = Mon Nov 19 08:55:57 2018
INFO:root:Rain Count = 0
INFO:root:Rain Time = Mon Nov 19 08:55:57 2018
INFO:root:Using solar: superCap voltage = 5.248359 volts
INFO:root:power received time = Mon Nov 19 08:55:57 2018
INFO:root:Node ETime = Mon Nov 19 08:55:57 2018
INFO:root:Node Time Offset = 0
INFO:root:indoor humidity = 16.220612
INFO:root:indoor temperature = 75.064855 degF
INFO:root:temperature/humidity received time = Mon Nov 19 08:55:57 2018
INFO:root:Wind Speed = 1.348127 mph, Count = 20
INFO:root:Gust Speed = 1.800286 mph, Count = 3
INFO:root:Wind Direction = 160.379729 degrees
INFO:root:Gust Direction = 160.204352 degrees
INFO:root:Wind Time = Mon Nov 19 08:56:57 2018
INFO:root:Gust Time = Mon Nov 19 08:56:57 2018
INFO:root:Direction Time = Mon Nov 19 08:56:57 2018
INFO:root:outdoor humidity = 87.936920
INFO:root:outdoor temperature = 24.292243 degF
INFO:root:pressure = 27.544595 inHg
INFO:root:temperature/humidity received time = Mon Nov 19 08:56:57 2018
INFO:root:pressure received time = Mon Nov 19 08:56:57 2018
INFO:root:Rain Count = 0
INFO:root:Rain Time = Mon Nov 19 08:56:57 2018
INFO:root:Using solar: superCap voltage = 5.229615 volts
INFO:root:power received time = Mon Nov 19 08:56:57 2018
INFO:root:Node ETime = Mon Nov 19 08:56:57 2018
INFO:root:Node Time Offset = 0
INFO:root:indoor humidity = 16.266388
INFO:root:indoor temperature = 75.045550 degF
INFO:root:temperature/humidity received time = Mon Nov 19 08:56:57 2018
INFO:root:Wind Speed = 1.122047 mph, Count = 12
INFO:root:Gust Speed = 1.800286 mph, Count = 3
INFO:root:Wind Direction = 190.632214 degrees
INFO:root:Gust Direction = 189.930707 degrees
INFO:root:Wind Time = Mon Nov 19 08:57:57 2018
INFO:root:Gust Time = Mon Nov 19 08:57:47 2018
INFO:root:Direction Time = Mon Nov 19 08:57:57 2018
INFO:root:outdoor humidity = 87.685150
INFO:root:outdoor temperature = 24.485294 degF
INFO:root:pressure = 27.541642 inHg
INFO:root:temperature/humidity received time = Mon Nov 19 08:57:57 2018
INFO:root:pressure received time = Mon Nov 19 08:57:57 2018
INFO:root:Rain Count = 0
INFO:root:Rain Time = Mon Nov 19 08:57:57 2018
INFO:root:Using solar: superCap voltage = 5.233632 volts
INFO:root:power received time = Mon Nov 19 08:57:57 2018
INFO:root:Node ETime = Mon Nov 19 08:57:57 2018
INFO:root:Node Time Offset = 0
INFO:root:indoor humidity = 16.228241
INFO:root:indoor temperature = 75.277212 degF
INFO:root:temperature/humidity received time = Mon Nov 19 08:57:57 2018
INFO:root:Wind Speed = 0.000000 mph, Count = 0
INFO:root:Gust Speed = 0.000000 mph, Count = 0
INFO:root:Wind Direction = 190.807591 degrees
INFO:root:Gust Direction = 190.982967 degrees
INFO:root:Wind Time = Mon Nov 19 08:58:57 2018
INFO:root:Gust Time = Mon Nov 19 08:58:57 2018
INFO:root:Direction Time = Mon Nov 19 08:58:57 2018
INFO:root:outdoor humidity = 87.524933
INFO:root:outdoor temperature = 24.408074 degF
INFO:root:pressure = 27.543119 inHg
INFO:root:temperature/humidity received time = Mon Nov 19 08:58:57 2018
INFO:root:pressure received time = Mon Nov 19 08:58:57 2018
INFO:root:Rain Count = 0
INFO:root:Rain Time = Mon Nov 19 08:58:57 2018
INFO:root:Using solar: superCap voltage = 5.249698 volts
INFO:root:power received time = Mon Nov 19 08:58:57 2018
INFO:root:Node ETime = Mon Nov 19 08:58:57 2018
INFO:root:Node Time Offset = 0
INFO:root:indoor humidity = 16.174835
INFO:root:indoor temperature = 75.180686 degF
INFO:root:temperature/humidity received time = Mon Nov 19 08:58:57 2018
INFO:root:Wind Speed = 1.122047 mph, Count = 12
INFO:root:Gust Speed = 2.478525 mph, Count = 5
INFO:root:Wind Direction = 96.981043 degrees
INFO:root:Gust Direction = 108.994349 degrees
INFO:root:Wind Time = Mon Nov 19 08:59:57 2018
INFO:root:Gust Time = Mon Nov 19 08:59:57 2018
INFO:root:Direction Time = Mon Nov 19 08:59:57 2018
INFO:root:outdoor humidity = 88.226837
INFO:root:outdoor temperature = 24.852093 degF
INFO:root:pressure = 27.533077 inHg
INFO:root:temperature/humidity received time = Mon Nov 19 08:59:57 2018
INFO:root:pressure received time = Mon Nov 19 08:59:57 2018
INFO:root:Rain Count = 0
INFO:root:Rain Time = Mon Nov 19 08:59:57 2018
INFO:root:Using solar: superCap voltage = 5.232293 volts
INFO:root:power received time = Mon Nov 19 08:59:57 2018
INFO:root:Node ETime = Mon Nov 19 08:59:57 2018
INFO:root:Node Time Offset = 0
INFO:root:indoor humidity = 16.205353
INFO:root:indoor temperature = 75.045550 degF
INFO:root:temperature/humidity received time = Mon Nov 19 08:59:57 2018
INFO:root:Wind Speed = 3.185024 mph, Count = 85
INFO:root:Gust Speed = 3.835004 mph, Count = 9
INFO:root:Wind Direction = 167.394798 degrees
INFO:root:Gust Direction = 169.148565 degrees
INFO:root:Wind Time = Mon Nov 19 09:00:57 2018
INFO:root:Gust Time = Mon Nov 19 09:00:17 2018
INFO:root:Direction Time = Mon Nov 19 09:00:57 2018
INFO:root:outdoor humidity = 87.959808
INFO:root:outdoor temperature = 24.678346 degF
INFO:root:pressure = 27.538393 inHg
INFO:root:temperature/humidity received time = Mon Nov 19 09:00:57 2018
INFO:root:pressure received time = Mon Nov 19 09:00:57 2018
INFO:root:Rain Count = 0
INFO:root:Rain Time = Mon Nov 19 09:00:57 2018
INFO:root:Using solar: superCap voltage = 5.229615 volts
INFO:root:power received time = Mon Nov 19 09:00:57 2018
INFO:root:Node ETime = Mon Nov 19 09:00:57 2018
INFO:root:Node Time Offset = 0
INFO:root:indoor humidity = 16.243500
INFO:root:indoor temperature = 74.968329 degF
INFO:root:temperature/humidity received time = Mon Nov 19 09:00:57 2018
INFO:root:Wind Speed = 2.139406 mph, Count = 48
INFO:root:Gust Speed = 3.156764 mph, Count = 7
INFO:root:Wind Direction = 165.816407 degrees
INFO:root:Gust Direction = 169.411630 degrees
INFO:root:Wind Time = Mon Nov 19 09:01:57 2018
INFO:root:Gust Time = Mon Nov 19 09:01:32 2018
INFO:root:Direction Time = Mon Nov 19 09:01:57 2018
INFO:root:outdoor humidity = 87.906403
INFO:root:outdoor temperature = 24.890703 degF
INFO:root:pressure = 27.534554 inHg
INFO:root:temperature/humidity received time = Mon Nov 19 09:01:57 2018
INFO:root:pressure received time = Mon Nov 19 09:01:57 2018
INFO:root:Rain Count = 0
INFO:root:Rain Time = Mon Nov 19 09:01:57 2018
INFO:root:Using solar: superCap voltage = 5.230954 volts
INFO:root:power received time = Mon Nov 19 09:01:57 2018
INFO:root:Node ETime = Mon Nov 19 09:01:57 2018
INFO:root:Node Time Offset = 0
INFO:root:indoor humidity = 16.289276
INFO:root:indoor temperature = 75.045550 degF
INFO:root:temperature/humidity received time = Mon Nov 19 09:01:57 2018
INFO:root:Wind Speed = 1.998106 mph, Count = 43
INFO:root:Gust Speed = 2.478525 mph, Count = 5
INFO:root:Wind Direction = 181.600313 degrees
INFO:root:Gust Direction = 181.600313 degrees
INFO:root:Wind Time = Mon Nov 19 09:02:57 2018
INFO:root:Gust Time = Mon Nov 19 09:02:57 2018
INFO:root:Direction Time = Mon Nov 19 09:02:57 2018
INFO:root:outdoor humidity = 87.700409
INFO:root:outdoor temperature = 25.025839 degF
INFO:root:pressure = 27.528352 inHg
INFO:root:temperature/humidity received time = Mon Nov 19 09:02:57 2018
INFO:root:pressure received time = Mon Nov 19 09:02:57 2018
INFO:root:Rain Count = 0
INFO:root:Rain Time = Mon Nov 19 09:02:57 2018
INFO:root:Using solar: superCap voltage = 5.230954 volts
INFO:root:power received time = Mon Nov 19 09:02:57 2018
INFO:root:Node ETime = Mon Nov 19 09:02:57 2018
INFO:root:Node Time Offset = 0
INFO:root:indoor humidity = 16.235870
INFO:root:indoor temperature = 75.142076 degF
INFO:root:temperature/humidity received time = Mon Nov 19 09:02:57 2018
INFO:root:Wind Speed = 1.856806 mph, Count = 38
INFO:root:Gust Speed = 2.478525 mph, Count = 5
INFO:root:Wind Direction = 103.996112 degrees
INFO:root:Gust Direction = 115.395599 degrees
INFO:root:Wind Time = Mon Nov 19 09:03:57 2018
INFO:root:Gust Time = Mon Nov 19 09:03:12 2018
INFO:root:Direction Time = Mon Nov 19 09:03:57 2018
INFO:root:outdoor humidity = 87.410492
INFO:root:outdoor temperature = 25.045145 degF
INFO:root:pressure = 27.529829 inHg
INFO:root:temperature/humidity received time = Mon Nov 19 09:03:57 2018
INFO:root:pressure received time = Mon Nov 19 09:03:57 2018
INFO:root:Rain Count = 0
INFO:root:Rain Time = Mon Nov 19 09:03:57 2018
INFO:root:Using solar: superCap voltage = 5.230954 volts
INFO:root:power received time = Mon Nov 19 09:03:57 2018
INFO:root:Node ETime = Mon Nov 19 09:03:57 2018
INFO:root:Node Time Offset = 0
INFO:root:indoor humidity = 16.212982
INFO:root:indoor temperature = 75.084160 degF
INFO:root:temperature/humidity received time = Mon Nov 19 09:03:57 2018
INFO:root:Wind Speed = 0.000000 mph, Count = 4
INFO:root:Gust Speed = 1.461167 mph, Count = 2
INFO:root:Wind Direction = 188.264628 degrees
INFO:root:Gust Direction = 178.706597 degrees
INFO:root:Wind Time = Mon Nov 19 09:04:57 2018
INFO:root:Gust Time = Mon Nov 19 09:04:07 2018
INFO:root:Direction Time = Mon Nov 19 09:04:57 2018
INFO:root:outdoor humidity = 87.273163
INFO:root:outdoor temperature = 25.141670 degF
INFO:root:pressure = 27.525399 inHg
INFO:root:temperature/humidity received time = Mon Nov 19 09:04:57 2018
INFO:root:pressure received time = Mon Nov 19 09:04:57 2018
INFO:root:Rain Count = 0
INFO:root:Rain Time = Mon Nov 19 09:04:57 2018
INFO:root:Using solar: superCap voltage = 5.238987 volts
INFO:root:power received time = Mon Nov 19 09:04:57 2018
INFO:root:Node ETime = Mon Nov 19 09:04:57 2018
INFO:root:Node Time Offset = 0
INFO:root:indoor humidity = 16.174835
INFO:root:indoor temperature = 75.122771 degF
INFO:root:temperature/humidity received time = Mon Nov 19 09:04:57 2018
INFO:root:Wind Speed = 0.000000 mph, Count = 0
INFO:root:Gust Speed = 0.000000 mph, Count = 0
INFO:root:Wind Direction = 188.176940 degrees
INFO:root:Gust Direction = 188.089251 degrees
INFO:root:Wind Time = Mon Nov 19 09:05:57 2018
INFO:root:Gust Time = Mon Nov 19 09:05:57 2018
INFO:root:Direction Time = Mon Nov 19 09:05:57 2018
INFO:root:outdoor humidity = 87.364716
INFO:root:outdoor temperature = 25.469858 degF
INFO:root:pressure = 27.518311 inHg
INFO:root:temperature/humidity received time = Mon Nov 19 09:05:57 2018
INFO:root:pressure received time = Mon Nov 19 09:05:57 2018
INFO:root:Rain Count = 0
INFO:root:Rain Time = Mon Nov 19 09:05:57 2018
INFO:root:Using solar: superCap voltage = 5.244343 volts
INFO:root:power received time = Mon Nov 19 09:05:57 2018
INFO:root:Node ETime = Mon Nov 19 09:05:57 2018
INFO:root:Node Time Offset = 0
INFO:root:indoor humidity = 16.167206
INFO:root:indoor temperature = 75.142076 degF
INFO:root:temperature/humidity received time = Mon Nov 19 09:05:57 2018
INFO:root:Wind Speed = 1.404647 mph, Count = 22
INFO:root:Gust Speed = 2.139406 mph, Count = 4
INFO:root:Wind Direction = 148.454112 degrees
INFO:root:Gust Direction = 132.494830 degrees
INFO:root:Wind Time = Mon Nov 19 09:06:57 2018
INFO:root:Gust Time = Mon Nov 19 09:06:37 2018
INFO:root:Direction Time = Mon Nov 19 09:06:57 2018
INFO:root:outdoor humidity = 86.479706
INFO:root:outdoor temperature = 25.527774 degF
INFO:root:pressure = 27.519197 inHg
INFO:root:temperature/humidity received time = Mon Nov 19 09:06:57 2018
INFO:root:pressure received time = Mon Nov 19 09:06:57 2018
INFO:root:Rain Count = 0
INFO:root:Rain Time = Mon Nov 19 09:06:57 2018
INFO:root:Using solar: superCap voltage = 5.230954 volts
INFO:root:power received time = Mon Nov 19 09:06:57 2018
INFO:root:Node ETime = Mon Nov 19 09:06:57 2018
INFO:root:Node Time Offset = 0
INFO:root:indoor humidity = 16.136688
INFO:root:indoor temperature = 75.122771 degF
INFO:root:temperature/humidity received time = Mon Nov 19 09:06:57 2018
INFO:root:Wind Speed = 1.461167 mph, Count = 24
INFO:root:Gust Speed = 2.139406 mph, Count = 4
INFO:root:Wind Direction = 170.200825 degrees
INFO:root:Gust Direction = 170.113137 degrees
INFO:root:Wind Time = Mon Nov 19 09:07:57 2018
INFO:root:Gust Time = Mon Nov 19 09:07:57 2018
INFO:root:Direction Time = Mon Nov 19 09:07:57 2018
INFO:root:outdoor humidity = 86.044830
INFO:root:outdoor temperature = 25.508469 degF
INFO:root:pressure = 27.518311 inHg
INFO:root:temperature/humidity received time = Mon Nov 19 09:07:57 2018
INFO:root:pressure received time = Mon Nov 19 09:07:57 2018
INFO:root:Rain Count = 0
INFO:root:Rain Time = Mon Nov 19 09:07:57 2018
INFO:root:Using solar: superCap voltage = 5.247021 volts
INFO:root:power received time = Mon Nov 19 09:07:57 2018
INFO:root:Node ETime = Mon Nov 19 09:07:57 2018
INFO:root:Node Time Offset = 0
INFO:root:indoor humidity = 16.258759
INFO:root:indoor temperature = 74.833193 degF
INFO:root:temperature/humidity received time = Mon Nov 19 09:07:57 2018
INFO:root:Wind Speed = 1.461167 mph, Count = 24
INFO:root:Gust Speed = 2.478525 mph, Count = 5
INFO:root:Wind Direction = 198.962608 degrees
INFO:root:Gust Direction = 170.113137 degrees
INFO:root:Wind Time = Mon Nov 19 09:08:57 2018
INFO:root:Gust Time = Mon Nov 19 09:08:22 2018
INFO:root:Direction Time = Mon Nov 19 09:08:57 2018
INFO:root:outdoor humidity = 85.388702
INFO:root:outdoor temperature = 25.547079 degF
INFO:root:pressure = 27.516834 inHg
INFO:root:temperature/humidity received time = Mon Nov 19 09:08:57 2018
INFO:root:pressure received time = Mon Nov 19 09:08:57 2018
INFO:root:Rain Count = 0
INFO:root:Rain Time = Mon Nov 19 09:08:57 2018
INFO:root:Using solar: superCap voltage = 5.237648 volts
INFO:root:power received time = Mon Nov 19 09:08:57 2018
INFO:root:Node ETime = Mon Nov 19 09:08:57 2018
INFO:root:Node Time Offset = 0
INFO:root:indoor humidity = 16.319794
INFO:root:indoor temperature = 74.891108 degF
INFO:root:temperature/humidity received time = Mon Nov 19 09:08:57 2018
INFO:root:Wind Speed = 0.000000 mph, Count = 0
INFO:root:Gust Speed = 0.000000 mph, Count = 0
INFO:root:Wind Direction = 199.225673 degrees
INFO:root:Gust Direction = 199.225673 degrees
INFO:root:Wind Time = Mon Nov 19 09:09:57 2018
INFO:root:Gust Time = Mon Nov 19 09:09:57 2018
INFO:root:Direction Time = Mon Nov 19 09:09:57 2018
INFO:root:outdoor humidity = 85.579437
INFO:root:outdoor temperature = 25.778741 degF
INFO:root:pressure = 27.512109 inHg
INFO:root:temperature/humidity received time = Mon Nov 19 09:09:57 2018
INFO:root:pressure received time = Mon Nov 19 09:09:57 2018
INFO:root:Rain Count = 0
INFO:root:Rain Time = Mon Nov 19 09:09:57 2018
INFO:root:Using solar: superCap voltage = 5.226938 volts
INFO:root:power received time = Mon Nov 19 09:09:57 2018
INFO:root:Node ETime = Mon Nov 19 09:09:57 2018
INFO:root:Node Time Offset = 0
INFO:root:indoor humidity = 16.243500
INFO:root:indoor temperature = 74.794583 degF
INFO:root:temperature/humidity received time = Mon Nov 19 09:09:57 2018
INFO:root:Wind Speed = 0.000000 mph, Count = 0
INFO:root:Gust Speed = 0.000000 mph, Count = 0
INFO:root:Wind Direction = 181.424936 degrees
INFO:root:Gust Direction = 181.337248 degrees
INFO:root:Wind Time = Mon Nov 19 09:10:57 2018
INFO:root:Gust Time = Mon Nov 19 09:10:57 2018
INFO:root:Direction Time = Mon Nov 19 09:10:57 2018
INFO:root:outdoor humidity = 84.999603
INFO:root:outdoor temperature = 26.222760 degF
INFO:root:pressure = 27.498819 inHg
INFO:root:temperature/humidity received time = Mon Nov 19 09:10:57 2018
INFO:root:pressure received time = Mon Nov 19 09:10:57 2018
INFO:root:Rain Count = 0
INFO:root:Rain Time = Mon Nov 19 09:10:57 2018
INFO:root:Using solar: superCap voltage = 5.228276 volts
INFO:root:power received time = Mon Nov 19 09:10:57 2018
INFO:root:Node ETime = Mon Nov 19 09:10:57 2018
INFO:root:Node Time Offset = 0
INFO:root:indoor humidity = 16.327423
INFO:root:indoor temperature = 74.698057 degF
INFO:root:temperature/humidity received time = Mon Nov 19 09:10:57 2018
INFO:root:Wind Speed = 0.000000 mph, Count = 1
INFO:root:Gust Speed = 1.122047 mph, Count = 1
INFO:root:Wind Direction = 188.790758 degrees
INFO:root:Gust Direction = 189.316889 degrees
INFO:root:Wind Time = Mon Nov 19 09:11:57 2018
INFO:root:Gust Time = Mon Nov 19 09:11:52 2018
INFO:root:Direction Time = Mon Nov 19 09:11:57 2018
INFO:root:outdoor humidity = 84.671539
INFO:root:outdoor temperature = 26.608864 degF
INFO:root:pressure = 27.488187 inHg
INFO:root:temperature/humidity received time = Mon Nov 19 09:11:57 2018
INFO:root:pressure received time = Mon Nov 19 09:11:57 2018
INFO:root:Rain Count = 0
INFO:root:Rain Time = Mon Nov 19 09:11:57 2018
INFO:root:Using solar: superCap voltage = 5.233632 volts
INFO:root:power received time = Mon Nov 19 09:11:57 2018
INFO:root:Node ETime = Mon Nov 19 09:11:57 2018
INFO:root:Node Time Offset = 0
INFO:root:indoor humidity = 16.342682
INFO:root:indoor temperature = 74.620836 degF
INFO:root:temperature/humidity received time = Mon Nov 19 09:11:57 2018
INFO:root:Wind Speed = 0.000000 mph, Count = 0
INFO:root:Gust Speed = 0.000000 mph, Count = 0
INFO:root:Wind Direction = 193.262865 degrees
INFO:root:Gust Direction = 193.175176 degrees
INFO:root:Wind Time = Mon Nov 19 09:12:57 2018
INFO:root:Gust Time = Mon Nov 19 09:12:57 2018
INFO:root:Direction Time = Mon Nov 19 09:12:57 2018
INFO:root:outdoor humidity = 84.877533
INFO:root:outdoor temperature = 26.357896 degF
INFO:root:pressure = 27.496751 inHg
INFO:root:temperature/humidity received time = Mon Nov 19 09:12:57 2018
INFO:root:pressure received time = Mon Nov 19 09:12:57 2018
INFO:root:Rain Count = 0
INFO:root:Rain Time = Mon Nov 19 09:12:57 2018
INFO:root:Using solar: superCap voltage = 5.229615 volts
INFO:root:power received time = Mon Nov 19 09:12:57 2018
INFO:root:Node ETime = Mon Nov 19 09:12:57 2018
INFO:root:Node Time Offset = 0
INFO:root:indoor humidity = 16.312164
INFO:root:indoor temperature = 74.659446 degF
INFO:root:temperature/humidity received time = Mon Nov 19 09:12:57 2018
INFO:root:Wind Speed = 0.000000 mph, Count = 0
INFO:root:Gust Speed = 0.000000 mph, Count = 0
INFO:root:Wind Direction = 196.770399 degrees
INFO:root:Gust Direction = 196.770399 degrees
INFO:root:Wind Time = Mon Nov 19 09:13:57 2018
INFO:root:Gust Time = Mon Nov 19 09:13:57 2018
INFO:root:Direction Time = Mon Nov 19 09:13:57 2018
INFO:root:outdoor humidity = 85.434479
INFO:root:outdoor temperature = 26.608864 degF
INFO:root:pressure = 27.488777 inHg
INFO:root:temperature/humidity received time = Mon Nov 19 09:13:57 2018
INFO:root:pressure received time = Mon Nov 19 09:13:57 2018
INFO:root:Rain Count = 0
INFO:root:Rain Time = Mon Nov 19 09:13:57 2018
INFO:root:Using solar: superCap voltage = 5.241665 volts
INFO:root:power received time = Mon Nov 19 09:13:57 2018
INFO:root:Node ETime = Mon Nov 19 09:13:57 2018
INFO:root:Node Time Offset = 0
INFO:root:indoor humidity = 16.281647
INFO:root:indoor temperature = 74.910414 degF
INFO:root:temperature/humidity received time = Mon Nov 19 09:13:57 2018
INFO:root:Wind Speed = 0.000000 mph, Count = 1
INFO:root:Gust Speed = 1.122047 mph, Count = 1
INFO:root:Wind Direction = 181.337248 degrees
INFO:root:Gust Direction = 180.021922 degrees
INFO:root:Wind Time = Mon Nov 19 09:14:57 2018
INFO:root:Gust Time = Mon Nov 19 09:14:27 2018
INFO:root:Direction Time = Mon Nov 19 09:14:57 2018
INFO:root:outdoor humidity = 85.571808
INFO:root:outdoor temperature = 26.879136 degF
INFO:root:pressure = 27.484643 inHg
INFO:root:temperature/humidity received time = Mon Nov 19 09:14:57 2018
INFO:root:pressure received time = Mon Nov 19 09:14:57 2018
INFO:root:Rain Count = 0
INFO:root:Rain Time = Mon Nov 19 09:14:57 2018
INFO:root:Using solar: superCap voltage = 5.236310 volts
INFO:root:power received time = Mon Nov 19 09:14:57 2018
INFO:root:Node ETime = Mon Nov 19 09:14:57 2018
INFO:root:Node Time Offset = 0
INFO:root:indoor humidity = 16.167206
INFO:root:indoor temperature = 74.949024 degF
INFO:root:temperature/humidity received time = Mon Nov 19 09:14:57 2018
INFO:root:Wind Speed = 0.000000 mph, Count = 2
INFO:root:Gust Speed = 1.122047 mph, Count = 1
INFO:root:Wind Direction = 178.794285 degrees
INFO:root:Gust Direction = 178.794285 degrees
INFO:root:Wind Time = Mon Nov 19 09:15:57 2018
INFO:root:Gust Time = Mon Nov 19 09:15:57 2018
INFO:root:Direction Time = Mon Nov 19 09:15:57 2018
INFO:root:outdoor humidity = 85.190338
INFO:root:outdoor temperature = 27.207324 degF
INFO:root:pressure = 27.476964 inHg
INFO:root:temperature/humidity received time = Mon Nov 19 09:15:57 2018
INFO:root:pressure received time = Mon Nov 19 09:15:57 2018
INFO:root:Rain Count = 0
INFO:root:Rain Time = Mon Nov 19 09:15:57 2018
INFO:root:Using solar: superCap voltage = 5.226938 volts
INFO:root:power received time = Mon Nov 19 09:15:57 2018
INFO:root:Node ETime = Mon Nov 19 09:15:57 2018
INFO:root:Node Time Offset = 0
INFO:root:indoor humidity = 16.182465
INFO:root:indoor temperature = 74.852498 degF
INFO:root:temperature/humidity received time = Mon Nov 19 09:15:57 2018
INFO:root:Wind Speed = 1.913326 mph, Count = 40
INFO:root:Gust Speed = 2.817645 mph, Count = 6
INFO:root:Wind Direction = 179.145038 degrees
INFO:root:Gust Direction = 179.495792 degrees
INFO:root:Wind Time = Mon Nov 19 09:16:57 2018
INFO:root:Gust Time = Mon Nov 19 09:16:57 2018
INFO:root:Direction Time = Mon Nov 19 09:16:57 2018
INFO:root:outdoor humidity = 85.350555
INFO:root:outdoor temperature = 26.782610 degF
INFO:root:pressure = 27.487005 inHg
INFO:root:temperature/humidity received time = Mon Nov 19 09:16:57 2018
INFO:root:pressure received time = Mon Nov 19 09:16:57 2018
INFO:root:Rain Count = 0
INFO:root:Rain Time = Mon Nov 19 09:16:57 2018
INFO:root:Using solar: superCap voltage = 5.229615 volts
INFO:root:power received time = Mon Nov 19 09:16:57 2018
INFO:root:Node ETime = Mon Nov 19 09:16:57 2018
INFO:root:Node Time Offset = 0
INFO:root:indoor humidity = 16.167206
INFO:root:indoor temperature = 74.949024 degF
INFO:root:temperature/humidity received time = Mon Nov 19 09:16:57 2018
INFO:root:Wind Speed = 1.122047 mph, Count = 12
INFO:root:Gust Speed = 2.139406 mph, Count = 4
INFO:root:Wind Direction = 179.934234 degrees
INFO:root:Gust Direction = 177.040518 degrees
INFO:root:Wind Time = Mon Nov 19 09:17:57 2018
INFO:root:Gust Time = Mon Nov 19 09:17:07 2018
INFO:root:Direction Time = Mon Nov 19 09:17:57 2018
INFO:root:outdoor humidity = 84.267181
INFO:root:outdoor temperature = 26.879136 degF
INFO:root:pressure = 27.487005 inHg
INFO:root:temperature/humidity received time = Mon Nov 19 09:17:57 2018
INFO:root:pressure received time = Mon Nov 19 09:17:57 2018
INFO:root:Rain Count = 0
INFO:root:Rain Time = Mon Nov 19 09:17:57 2018
INFO:root:Using solar: superCap voltage = 5.229615 volts
INFO:root:power received time = Mon Nov 19 09:17:57 2018
INFO:root:Node ETime = Mon Nov 19 09:17:57 2018
INFO:root:Node Time Offset = 0
INFO:root:indoor humidity = 16.190094
INFO:root:indoor temperature = 74.736667 degF
INFO:root:temperature/humidity received time = Mon Nov 19 09:17:57 2018
INFO:root:Wind Speed = 0.000000 mph, Count = 0
INFO:root:Gust Speed = 0.000000 mph, Count = 0
INFO:root:Wind Direction = 180.284987 degrees
INFO:root:Gust Direction = 180.284987 degrees
INFO:root:Wind Time = Mon Nov 19 09:18:57 2018
INFO:root:Gust Time = Mon Nov 19 09:18:57 2018
INFO:root:Direction Time = Mon Nov 19 09:18:57 2018
INFO:root:outdoor humidity = 83.679718
INFO:root:outdoor temperature = 27.052883 degF
INFO:root:pressure = 27.479327 inHg
INFO:root:temperature/humidity received time = Mon Nov 19 09:18:57 2018
INFO:root:pressure received time = Mon Nov 19 09:18:57 2018
INFO:root:Rain Count = 0
INFO:root:Rain Time = Mon Nov 19 09:18:57 2018
INFO:root:Using solar: superCap voltage = 5.228276 volts
INFO:root:power received time = Mon Nov 19 09:18:57 2018
INFO:root:Node ETime = Mon Nov 19 09:18:57 2018
INFO:root:Node Time Offset = 0
INFO:root:indoor humidity = 16.197723
INFO:root:indoor temperature = 74.736667 degF
INFO:root:temperature/humidity received time = Mon Nov 19 09:18:57 2018
INFO:root:Wind Speed = 0.000000 mph, Count = 0
INFO:root:Gust Speed = 0.000000 mph, Count = 0
INFO:root:Wind Direction = 181.337248 degrees
INFO:root:Gust Direction = 181.424936 degrees
INFO:root:Wind Time = Mon Nov 19 09:19:57 2018
INFO:root:Gust Time = Mon Nov 19 09:19:57 2018
INFO:root:Direction Time = Mon Nov 19 09:19:57 2018
INFO:root:outdoor humidity = 83.847565
INFO:root:outdoor temperature = 27.554817 degF
INFO:root:pressure = 27.467809 inHg
INFO:root:temperature/humidity received time = Mon Nov 19 09:19:57 2018
INFO:root:pressure received time = Mon Nov 19 09:19:57 2018
INFO:root:Rain Count = 0
INFO:root:Rain Time = Mon Nov 19 09:19:57 2018
INFO:root:Using solar: superCap voltage = 5.232293 volts
INFO:root:power received time = Mon Nov 19 09:19:57 2018
INFO:root:Node ETime = Mon Nov 19 09:19:57 2018
INFO:root:Node Time Offset = 0
INFO:root:indoor humidity = 16.235870
INFO:root:indoor temperature = 74.562920 degF
INFO:root:temperature/humidity received time = Mon Nov 19 09:19:57 2018
INFO:root:Wind Speed = 0.000000 mph, Count = 0
INFO:root:Gust Speed = 0.000000 mph, Count = 0
INFO:root:Wind Direction = 183.354080 degrees
INFO:root:Gust Direction = 183.178703 degrees
INFO:root:Wind Time = Mon Nov 19 09:20:57 2018
INFO:root:Gust Time = Mon Nov 19 09:20:57 2018
INFO:root:Direction Time = Mon Nov 19 09:20:57 2018
INFO:root:outdoor humidity = 83.824677
INFO:root:outdoor temperature = 27.902311 degF
INFO:root:pressure = 27.459244 inHg
INFO:root:temperature/humidity received time = Mon Nov 19 09:20:57 2018
INFO:root:pressure received time = Mon Nov 19 09:20:57 2018
INFO:root:Rain Count = 0
INFO:root:Rain Time = Mon Nov 19 09:20:57 2018
INFO:root:Using solar: superCap voltage = 5.248359 volts
INFO:root:power received time = Mon Nov 19 09:20:57 2018
INFO:root:Node ETime = Mon Nov 19 09:20:57 2018
INFO:root:Node Time Offset = 0
INFO:root:indoor humidity = 16.274017
INFO:root:indoor temperature = 74.620836 degF
INFO:root:temperature/humidity received time = Mon Nov 19 09:20:57 2018
INFO:root:Wind Speed = 0.000000 mph, Count = 0
INFO:root:Gust Speed = 0.000000 mph, Count = 0
INFO:root:Wind Direction = 183.354080 degrees
INFO:root:Gust Direction = 183.178703 degrees
INFO:root:Wind Time = Mon Nov 19 09:21:57 2018
INFO:root:Gust Time = Mon Nov 19 09:21:57 2018
INFO:root:Direction Time = Mon Nov 19 09:21:57 2018
INFO:root:outdoor humidity = 83.664459
INFO:root:outdoor temperature = 28.327024 degF
INFO:root:pressure = 27.449793 inHg
INFO:root:temperature/humidity received time = Mon Nov 19 09:21:57 2018
INFO:root:pressure received time = Mon Nov 19 09:21:57 2018
INFO:root:Rain Count = 0
INFO:root:Rain Time = Mon Nov 19 09:21:57 2018
INFO:root:Using solar: superCap voltage = 5.241665 volts
INFO:root:power received time = Mon Nov 19 09:21:57 2018
INFO:root:Node ETime = Mon Nov 19 09:21:57 2018
INFO:root:Node Time Offset = 0
INFO:root:indoor humidity = 16.266388
INFO:root:indoor temperature = 74.640141 degF
INFO:root:temperature/humidity received time = Mon Nov 19 09:21:57 2018
INFO:root:Wind Speed = 0.000000 mph, Count = 0
INFO:root:Gust Speed = 0.000000 mph, Count = 0
INFO:root:Wind Direction = 181.600313 degrees
INFO:root:Gust Direction = 181.512624 degrees
INFO:root:Wind Time = Mon Nov 19 09:22:57 2018
INFO:root:Gust Time = Mon Nov 19 09:22:57 2018
INFO:root:Direction Time = Mon Nov 19 09:22:57 2018
INFO:root:outdoor humidity = 83.511871
INFO:root:outdoor temperature = 28.056752 degF
INFO:root:pressure = 27.455405 inHg
INFO:root:temperature/humidity received time = Mon Nov 19 09:22:57 2018
INFO:root:pressure received time = Mon Nov 19 09:22:57 2018
INFO:root:Rain Count = 0
INFO:root:Rain Time = Mon Nov 19 09:22:57 2018
INFO:root:Using solar: superCap voltage = 5.226938 volts
INFO:root:power received time = Mon Nov 19 09:22:57 2018
INFO:root:Node ETime = Mon Nov 19 09:22:57 2018
INFO:root:Node Time Offset = 0
INFO:root:indoor humidity = 16.319794
INFO:root:indoor temperature = 74.543615 degF
INFO:root:temperature/humidity received time = Mon Nov 19 09:22:57 2018
INFO:root:Wind Speed = 0.000000 mph, Count = 0
INFO:root:Gust Speed = 0.000000 mph, Count = 0
INFO:root:Wind Direction = 183.529457 degrees
INFO:root:Gust Direction = 183.529457 degrees
INFO:root:Wind Time = Mon Nov 19 09:23:57 2018
INFO:root:Gust Time = Mon Nov 19 09:23:57 2018
INFO:root:Direction Time = Mon Nov 19 09:23:57 2018
INFO:root:outdoor humidity = 83.176178
INFO:root:outdoor temperature = 27.786479 degF
INFO:root:pressure = 27.461607 inHg
INFO:root:temperature/humidity received time = Mon Nov 19 09:23:57 2018
INFO:root:pressure received time = Mon Nov 19 09:23:57 2018
INFO:root:Rain Count = 0
INFO:root:Rain Time = Mon Nov 19 09:23:57 2018
INFO:root:Using solar: superCap voltage = 5.233632 volts
INFO:root:power received time = Mon Nov 19 09:23:57 2018
INFO:root:Node ETime = Mon Nov 19 09:23:57 2018
INFO:root:Node Time Offset = 0
INFO:root:indoor humidity = 16.335052
INFO:root:indoor temperature = 74.505005 degF
INFO:root:temperature/humidity received time = Mon Nov 19 09:23:57 2018
INFO:root:Wind Speed = 0.000000 mph, Count = 0
INFO:root:Gust Speed = 0.000000 mph, Count = 0
INFO:root:Wind Direction = 283.669566 degrees
INFO:root:Gust Direction = 283.581878 degrees
INFO:root:Wind Time = Mon Nov 19 09:24:57 2018
INFO:root:Gust Time = Mon Nov 19 09:24:57 2018
INFO:root:Direction Time = Mon Nov 19 09:24:57 2018
INFO:root:outdoor humidity = 83.740753
INFO:root:outdoor temperature = 28.191888 degF
INFO:root:pressure = 27.453042 inHg
INFO:root:temperature/humidity received time = Mon Nov 19 09:24:57 2018
INFO:root:pressure received time = Mon Nov 19 09:24:57 2018
INFO:root:Rain Count = 0
INFO:root:Rain Time = Mon Nov 19 09:24:57 2018
INFO:root:Using solar: superCap voltage = 5.230954 volts
INFO:root:power received time = Mon Nov 19 09:24:57 2018
INFO:root:Node ETime = Mon Nov 19 09:24:57 2018
INFO:root:Node Time Offset = 0
INFO:root:indoor humidity = 16.258759
INFO:root:indoor temperature = 74.601531 degF
INFO:root:temperature/humidity received time = Mon Nov 19 09:24:57 2018
INFO:root:Wind Speed = 0.000000 mph, Count = 0
INFO:root:Gust Speed = 0.000000 mph, Count = 0
INFO:root:Wind Direction = 274.549977 degrees
INFO:root:Gust Direction = 274.286912 degrees
INFO:root:Wind Time = Mon Nov 19 09:25:57 2018
INFO:root:Gust Time = Mon Nov 19 09:25:57 2018
INFO:root:Direction Time = Mon Nov 19 09:25:57 2018
INFO:root:outdoor humidity = 83.412689
INFO:root:outdoor temperature = 28.384940 degF
INFO:root:pressure = 27.445068 inHg
INFO:root:temperature/humidity received time = Mon Nov 19 09:25:57 2018
INFO:root:pressure received time = Mon Nov 19 09:25:57 2018
INFO:root:Rain Count = 0
INFO:root:Rain Time = Mon Nov 19 09:25:57 2018
INFO:root:Using solar: superCap voltage = 5.247021 volts
INFO:root:power received time = Mon Nov 19 09:25:57 2018
INFO:root:Node ETime = Mon Nov 19 09:25:57 2018
INFO:root:Node Time Offset = 0
INFO:root:indoor humidity = 16.235870
INFO:root:indoor temperature = 74.582226 degF
INFO:root:temperature/humidity received time = Mon Nov 19 09:25:57 2018
INFO:root:Wind Speed = 0.000000 mph, Count = 0
INFO:root:Gust Speed = 0.000000 mph, Count = 0
INFO:root:Wind Direction = 215.360332 degrees
INFO:root:Gust Direction = 215.097267 degrees
INFO:root:Wind Time = Mon Nov 19 09:26:57 2018
INFO:root:Gust Time = Mon Nov 19 09:26:57 2018
INFO:root:Direction Time = Mon Nov 19 09:26:57 2018
INFO:root:outdoor humidity = 83.534760
INFO:root:outdoor temperature = 28.886875 degF
INFO:root:pressure = 27.435027 inHg
INFO:root:temperature/humidity received time = Mon Nov 19 09:26:57 2018
INFO:root:pressure received time = Mon Nov 19 09:26:57 2018
INFO:root:Rain Count = 0
INFO:root:Rain Time = Mon Nov 19 09:26:57 2018
INFO:root:Using solar: superCap voltage = 5.240326 volts
INFO:root:power received time = Mon Nov 19 09:26:57 2018
INFO:root:Node ETime = Mon Nov 19 09:26:57 2018
INFO:root:Node Time Offset = 0
INFO:root:indoor humidity = 16.228241
INFO:root:indoor temperature = 74.678751 degF
INFO:root:temperature/humidity received time = Mon Nov 19 09:26:57 2018
INFO:root:Wind Speed = 0.000000 mph, Count = 0
INFO:root:Gust Speed = 0.000000 mph, Count = 0
INFO:root:Wind Direction = 219.569374 degrees
INFO:root:Gust Direction = 219.393997 degrees
INFO:root:Wind Time = Mon Nov 19 09:27:57 2018
INFO:root:Gust Time = Mon Nov 19 09:27:57 2018
INFO:root:Direction Time = Mon Nov 19 09:27:57 2018
INFO:root:outdoor humidity = 83.023590
INFO:root:outdoor temperature = 28.906180 degF
INFO:root:pressure = 27.432959 inHg
INFO:root:temperature/humidity received time = Mon Nov 19 09:27:57 2018
INFO:root:pressure received time = Mon Nov 19 09:27:57 2018
INFO:root:Rain Count = 0
INFO:root:Rain Time = Mon Nov 19 09:27:57 2018
INFO:root:Using solar: superCap voltage = 5.229615 volts
INFO:root:power received time = Mon Nov 19 09:27:57 2018
INFO:root:Node ETime = Mon Nov 19 09:27:57 2018
INFO:root:Node Time Offset = 0
INFO:root:indoor humidity = 16.167206
INFO:root:indoor temperature = 74.891108 degF
INFO:root:temperature/humidity received time = Mon Nov 19 09:27:57 2018
INFO:root:Wind Speed = 0.000000 mph, Count = 0
INFO:root:Gust Speed = 0.000000 mph, Count = 0
INFO:root:Wind Direction = 219.306308 degrees
INFO:root:Gust Direction = 219.393997 degrees
INFO:root:Wind Time = Mon Nov 19 09:28:57 2018
INFO:root:Gust Time = Mon Nov 19 09:28:57 2018
INFO:root:Direction Time = Mon Nov 19 09:28:57 2018
INFO:root:outdoor humidity = 82.512421
INFO:root:outdoor temperature = 29.272978 degF
INFO:root:pressure = 27.426757 inHg
INFO:root:temperature/humidity received time = Mon Nov 19 09:28:57 2018
INFO:root:pressure received time = Mon Nov 19 09:28:57 2018
INFO:root:Rain Count = 0
INFO:root:Rain Time = Mon Nov 19 09:28:57 2018
INFO:root:Using solar: superCap voltage = 5.251037 volts
INFO:root:power received time = Mon Nov 19 09:28:57 2018
INFO:root:Node ETime = Mon Nov 19 09:28:57 2018
INFO:root:Node Time Offset = 0
INFO:root:indoor humidity = 16.045135
INFO:root:indoor temperature = 75.006939 degF
INFO:root:temperature/humidity received time = Mon Nov 19 09:28:57 2018
INFO:root:Wind Speed = 0.000000 mph, Count = 0
INFO:root:Gust Speed = 0.000000 mph, Count = 0
INFO:root:Wind Direction = 220.007815 degrees
INFO:root:Gust Direction = 220.183192 degrees
INFO:root:Wind Time = Mon Nov 19 09:29:57 2018
INFO:root:Gust Time = Mon Nov 19 09:29:57 2018
INFO:root:Direction Time = Mon Nov 19 09:29:57 2018
INFO:root:outdoor humidity = 82.245392
INFO:root:outdoor temperature = 29.774913 degF
INFO:root:pressure = 27.414058 inHg
INFO:root:temperature/humidity received time = Mon Nov 19 09:29:57 2018
INFO:root:pressure received time = Mon Nov 19 09:29:57 2018
INFO:root:Rain Count = 0
INFO:root:Rain Time = Mon Nov 19 09:29:57 2018
INFO:root:Using solar: superCap voltage = 5.230954 volts
INFO:root:power received time = Mon Nov 19 09:29:57 2018
INFO:root:Node ETime = Mon Nov 19 09:29:57 2018
INFO:root:Node Time Offset = 0
INFO:root:indoor humidity = 16.014618
INFO:root:indoor temperature = 74.949024 degF
INFO:root:temperature/humidity received time = Mon Nov 19 09:29:57 2018
INFO:root:Wind Speed = 0.000000 mph, Count = 0
INFO:root:Gust Speed = 0.000000 mph, Count = 0
INFO:root:Wind Direction = 218.867867 degrees
INFO:root:Gust Direction = 218.867867 degrees
INFO:root:Wind Time = Mon Nov 19 09:30:57 2018
INFO:root:Gust Time = Mon Nov 19 09:30:57 2018
INFO:root:Direction Time = Mon Nov 19 09:30:57 2018
INFO:root:outdoor humidity = 82.001251
INFO:root:outdoor temperature = 29.485335 degF
INFO:root:pressure = 27.417011 inHg
INFO:root:temperature/humidity received time = Mon Nov 19 09:30:57 2018
INFO:root:pressure received time = Mon Nov 19 09:30:57 2018
INFO:root:Rain Count = 0
INFO:root:Rain Time = Mon Nov 19 09:30:57 2018
INFO:root:Using solar: superCap voltage = 5.252376 volts
INFO:root:power received time = Mon Nov 19 09:30:57 2018
INFO:root:Node ETime = Mon Nov 19 09:30:57 2018
INFO:root:Node Time Offset = 0
INFO:root:indoor humidity = 15.984100
INFO:root:indoor temperature = 75.142076 degF
INFO:root:temperature/humidity received time = Mon Nov 19 09:30:57 2018
INFO:root:Wind Speed = 0.000000 mph, Count = 4
INFO:root:Gust Speed = 1.461167 mph, Count = 2
INFO:root:Wind Direction = 341.368509 degrees
INFO:root:Gust Direction = 341.982328 degrees
INFO:root:Wind Time = Mon Nov 19 09:31:57 2018
INFO:root:Gust Time = Mon Nov 19 09:31:37 2018
INFO:root:Direction Time = Mon Nov 19 09:31:57 2018
INFO:root:outdoor humidity = 81.543488
INFO:root:outdoor temperature = 27.863700 degF
INFO:root:pressure = 27.458358 inHg
INFO:root:temperature/humidity received time = Mon Nov 19 09:31:57 2018
INFO:root:pressure received time = Mon Nov 19 09:31:57 2018
INFO:root:Rain Count = 0
INFO:root:Rain Time = Mon Nov 19 09:31:57 2018
INFO:root:Using solar: superCap voltage = 5.232293 volts
INFO:root:power received time = Mon Nov 19 09:31:57 2018
INFO:root:Node ETime = Mon Nov 19 09:31:57 2018
INFO:root:Node Time Offset = 0
INFO:root:indoor humidity = 15.938324
INFO:root:indoor temperature = 75.199991 degF
INFO:root:temperature/humidity received time = Mon Nov 19 09:31:57 2018
INFO:root:Wind Speed = 0.000000 mph, Count = 0
INFO:root:Gust Speed = 0.000000 mph, Count = 0
INFO:root:Wind Direction = 341.631574 degrees
INFO:root:Gust Direction = 341.631574 degrees
INFO:root:Wind Time = Mon Nov 19 09:32:57 2018
INFO:root:Gust Time = Mon Nov 19 09:32:57 2018
INFO:root:Direction Time = Mon Nov 19 09:32:57 2018
INFO:root:outdoor humidity = 82.649750
INFO:root:outdoor temperature = 27.632038 degF
INFO:root:pressure = 27.460721 inHg
INFO:root:temperature/humidity received time = Mon Nov 19 09:32:57 2018
INFO:root:pressure received time = Mon Nov 19 09:32:57 2018
INFO:root:Rain Count = 0
INFO:root:Rain Time = Mon Nov 19 09:32:57 2018
INFO:root:Using solar: superCap voltage = 5.229615 volts
INFO:root:power received time = Mon Nov 19 09:32:57 2018
INFO:root:Node ETime = Mon Nov 19 09:32:57 2018
INFO:root:Node Time Offset = 0
INFO:root:indoor humidity = 15.961212
INFO:root:indoor temperature = 75.180686 degF
INFO:root:temperature/humidity received time = Mon Nov 19 09:32:57 2018
INFO:root:Wind Speed = 0.000000 mph, Count = 0
INFO:root:Gust Speed = 0.000000 mph, Count = 0
INFO:root:Wind Direction = 320.937121 degrees
INFO:root:Gust Direction = 320.849432 degrees
INFO:root:Wind Time = Mon Nov 19 09:33:57 2018
INFO:root:Gust Time = Mon Nov 19 09:33:57 2018
INFO:root:Direction Time = Mon Nov 19 09:33:57 2018
INFO:root:outdoor humidity = 83.527130
INFO:root:outdoor temperature = 27.825090 degF
INFO:root:pressure = 27.458358 inHg
INFO:root:temperature/humidity received time = Mon Nov 19 09:33:57 2018
INFO:root:pressure received time = Mon Nov 19 09:33:57 2018
INFO:root:Rain Count = 0
INFO:root:Rain Time = Mon Nov 19 09:33:57 2018
INFO:root:Using solar: superCap voltage = 5.245682 volts
INFO:root:power received time = Mon Nov 19 09:33:57 2018
INFO:root:Node ETime = Mon Nov 19 09:33:57 2018
INFO:root:Node Time Offset = 0
INFO:root:indoor humidity = 16.060394
INFO:root:indoor temperature = 74.891108 degF
INFO:root:temperature/humidity received time = Mon Nov 19 09:33:57 2018
INFO:root:Wind Speed = 0.000000 mph, Count = 0
INFO:root:Gust Speed = 0.000000 mph, Count = 0
INFO:root:Wind Direction = 321.024809 degrees
INFO:root:Gust Direction = 321.024809 degrees
INFO:root:Wind Time = Mon Nov 19 09:34:57 2018
INFO:root:Gust Time = Mon Nov 19 09:34:57 2018
INFO:root:Direction Time = Mon Nov 19 09:34:57 2018
INFO:root:outdoor humidity = 83.778900
INFO:root:outdoor temperature = 28.114667 degF
INFO:root:pressure = 27.451270 inHg
INFO:root:temperature/humidity received time = Mon Nov 19 09:34:57 2018
INFO:root:pressure received time = Mon Nov 19 09:34:57 2018
INFO:root:Rain Count = 0
INFO:root:Rain Time = Mon Nov 19 09:34:57 2018
INFO:root:Using solar: superCap voltage = 5.230954 volts
INFO:root:power received time = Mon Nov 19 09:34:57 2018
INFO:root:Node ETime = Mon Nov 19 09:34:57 2018
INFO:root:Node Time Offset = 0
INFO:root:indoor humidity = 16.037506
INFO:root:indoor temperature = 74.949024 degF
INFO:root:temperature/humidity received time = Mon Nov 19 09:34:57 2018
INFO:root:Wind Speed = 0.000000 mph, Count = 0
INFO:root:Gust Speed = 0.000000 mph, Count = 0
INFO:root:Wind Direction = 267.271843 degrees
INFO:root:Gust Direction = 295.332119 degrees
INFO:root:Wind Time = Mon Nov 19 09:35:57 2018
INFO:root:Gust Time = Mon Nov 19 09:35:57 2018
INFO:root:Direction Time = Mon Nov 19 09:35:57 2018
INFO:root:outdoor humidity = 82.954926
INFO:root:outdoor temperature = 27.670648 degF
INFO:root:pressure = 27.463083 inHg
INFO:root:temperature/humidity received time = Mon Nov 19 09:35:57 2018
INFO:root:pressure received time = Mon Nov 19 09:35:57 2018
INFO:root:Rain Count = 0
INFO:root:Rain Time = Mon Nov 19 09:35:57 2018
INFO:root:Using solar: superCap voltage = 5.229615 volts
INFO:root:power received time = Mon Nov 19 09:35:57 2018
INFO:root:Node ETime = Mon Nov 19 09:35:57 2018
INFO:root:Node Time Offset = 0
INFO:root:indoor humidity = 16.136688
INFO:root:indoor temperature = 74.852498 degF
INFO:root:temperature/humidity received time = Mon Nov 19 09:35:57 2018
INFO:root:Wind Speed = 0.000000 mph, Count = 0
INFO:root:Gust Speed = 0.000000 mph, Count = 0
INFO:root:Wind Direction = 332.511984 degrees
INFO:root:Gust Direction = 332.511984 degrees
INFO:root:Wind Time = Mon Nov 19 09:36:57 2018
INFO:root:Gust Time = Mon Nov 19 09:36:57 2018
INFO:root:Direction Time = Mon Nov 19 09:36:57 2018
INFO:root:outdoor humidity = 82.817596
INFO:root:outdoor temperature = 27.477597 degF
INFO:root:pressure = 27.468399 inHg
INFO:root:temperature/humidity received time = Mon Nov 19 09:36:57 2018
INFO:root:pressure received time = Mon Nov 19 09:36:57 2018
INFO:root:Rain Count = 0
INFO:root:Rain Time = Mon Nov 19 09:36:57 2018
INFO:root:Using solar: superCap voltage = 5.240326 volts
INFO:root:power received time = Mon Nov 19 09:36:57 2018
INFO:root:Node ETime = Mon Nov 19 09:36:57 2018
INFO:root:Node Time Offset = 0
INFO:root:indoor humidity = 16.075653
INFO:root:indoor temperature = 74.987634 degF
INFO:root:temperature/humidity received time = Mon Nov 19 09:36:57 2018
INFO:root:Wind Speed = 0.000000 mph, Count = 0
INFO:root:Gust Speed = 0.000000 mph, Count = 0
INFO:root:Wind Direction = 333.651933 degrees
INFO:root:Gust Direction = 333.564245 degrees
INFO:root:Wind Time = Mon Nov 19 09:37:57 2018
INFO:root:Gust Time = Mon Nov 19 09:37:57 2018
INFO:root:Direction Time = Mon Nov 19 09:37:57 2018
INFO:root:outdoor humidity = 83.221954
INFO:root:outdoor temperature = 27.863700 degF
INFO:root:pressure = 27.456881 inHg
INFO:root:temperature/humidity received time = Mon Nov 19 09:37:57 2018
INFO:root:pressure received time = Mon Nov 19 09:37:57 2018
INFO:root:Rain Count = 0
INFO:root:Rain Time = Mon Nov 19 09:37:57 2018
INFO:root:Using solar: superCap voltage = 5.232293 volts
INFO:root:power received time = Mon Nov 19 09:37:57 2018
INFO:root:Node ETime = Mon Nov 19 09:37:57 2018
INFO:root:Node Time Offset = 0
INFO:root:indoor humidity = 16.083282
INFO:root:indoor temperature = 74.949024 degF
INFO:root:temperature/humidity received time = Mon Nov 19 09:37:57 2018
INFO:root:Wind Speed = 0.000000 mph, Count = 0
INFO:root:Gust Speed = 0.000000 mph, Count = 0
INFO:root:Wind Direction = 328.566008 degrees
INFO:root:Gust Direction = 328.390631 degrees
INFO:root:Wind Time = Mon Nov 19 09:38:57 2018
INFO:root:Gust Time = Mon Nov 19 09:38:57 2018
INFO:root:Direction Time = Mon Nov 19 09:38:57 2018
INFO:root:outdoor humidity = 83.481354
INFO:root:outdoor temperature = 28.462161 degF
INFO:root:pressure = 27.444477 inHg
INFO:root:temperature/humidity received time = Mon Nov 19 09:38:57 2018
INFO:root:pressure received time = Mon Nov 19 09:38:57 2018
INFO:root:Rain Count = 0
INFO:root:Rain Time = Mon Nov 19 09:38:57 2018
INFO:root:Using solar: superCap voltage = 5.236310 volts
INFO:root:power received time = Mon Nov 19 09:38:57 2018
INFO:root:Node ETime = Mon Nov 19 09:38:57 2018
INFO:root:Node Time Offset = 0
INFO:root:indoor humidity = 16.090912
INFO:root:indoor temperature = 74.929719 degF
INFO:root:temperature/humidity received time = Mon Nov 19 09:38:57 2018
INFO:root:Wind Speed = 0.000000 mph, Count = 0
INFO:root:Gust Speed = 0.000000 mph, Count = 0
INFO:root:Wind Direction = 333.038115 degrees
INFO:root:Gust Direction = 333.038115 degrees
INFO:root:Wind Time = Mon Nov 19 09:39:57 2018
INFO:root:Gust Time = Mon Nov 19 09:39:57 2018
INFO:root:Direction Time = Mon Nov 19 09:39:57 2018
INFO:root:outdoor humidity = 82.619232
INFO:root:outdoor temperature = 28.191888 degF
INFO:root:pressure = 27.451270 inHg
INFO:root:temperature/humidity received time = Mon Nov 19 09:39:57 2018
INFO:root:pressure received time = Mon Nov 19 09:39:57 2018
INFO:root:Rain Count = 0
INFO:root:Rain Time = Mon Nov 19 09:39:57 2018
INFO:root:Using solar: superCap voltage = 5.229615 volts
INFO:root:power received time = Mon Nov 19 09:39:57 2018
INFO:root:Node ETime = Mon Nov 19 09:39:57 2018
INFO:root:Node Time Offset = 0
INFO:root:indoor humidity = 16.029877
INFO:root:indoor temperature = 74.968329 degF
INFO:root:temperature/humidity received time = Mon Nov 19 09:39:57 2018
INFO:root:Wind Speed = 0.000000 mph, Count = 0
INFO:root:Gust Speed = 0.000000 mph, Count = 0
INFO:root:Wind Direction = 333.125803 degrees
INFO:root:Gust Direction = 332.950426 degrees
INFO:root:Wind Time = Mon Nov 19 09:40:57 2018
INFO:root:Gust Time = Mon Nov 19 09:40:57 2018
INFO:root:Direction Time = Mon Nov 19 09:40:57 2018
INFO:root:outdoor humidity = 82.474274
INFO:root:outdoor temperature = 27.979531 degF
INFO:root:pressure = 27.456881 inHg
INFO:root:temperature/humidity received time = Mon Nov 19 09:40:57 2018
INFO:root:pressure received time = Mon Nov 19 09:40:57 2018
INFO:root:Rain Count = 0
INFO:root:Rain Time = Mon Nov 19 09:40:57 2018
INFO:root:Using solar: superCap voltage = 5.253715 volts
INFO:root:power received time = Mon Nov 19 09:40:57 2018
INFO:root:Node ETime = Mon Nov 19 09:40:57 2018
INFO:root:Node Time Offset = 0
INFO:root:indoor humidity = 16.121429
INFO:root:indoor temperature = 74.852498 degF
INFO:root:temperature/humidity received time = Mon Nov 19 09:40:57 2018
INFO:root:Wind Speed = 0.000000 mph, Count = 0
INFO:root:Gust Speed = 0.000000 mph, Count = 0
INFO:root:Wind Direction = 333.213491 degrees
INFO:root:Gust Direction = 333.388868 degrees
INFO:root:Wind Time = Mon Nov 19 09:41:57 2018
INFO:root:Gust Time = Mon Nov 19 09:41:57 2018
INFO:root:Direction Time = Mon Nov 19 09:41:57 2018
INFO:root:outdoor humidity = 82.657379
INFO:root:outdoor temperature = 28.230499 degF
INFO:root:pressure = 27.451270 inHg
INFO:root:temperature/humidity received time = Mon Nov 19 09:41:57 2018
INFO:root:pressure received time = Mon Nov 19 09:41:57 2018
INFO:root:Rain Count = 0
INFO:root:Rain Time = Mon Nov 19 09:41:57 2018
INFO:root:Using solar: superCap voltage = 5.255054 volts
INFO:root:power received time = Mon Nov 19 09:41:57 2018
INFO:root:Node ETime = Mon Nov 19 09:41:57 2018
INFO:root:Node Time Offset = 0
INFO:root:indoor humidity = 16.090912
INFO:root:indoor temperature = 74.833193 degF
INFO:root:temperature/humidity received time = Mon Nov 19 09:41:57 2018
INFO:root:Wind Speed = 0.000000 mph, Count = 0
INFO:root:Gust Speed = 0.000000 mph, Count = 0
INFO:root:Wind Direction = 332.599673 degrees
INFO:root:Gust Direction = 332.599673 degrees
INFO:root:Wind Time = Mon Nov 19 09:42:57 2018
INFO:root:Gust Time = Mon Nov 19 09:42:57 2018
INFO:root:Direction Time = Mon Nov 19 09:42:57 2018
INFO:root:outdoor humidity = 83.534760
INFO:root:outdoor temperature = 29.639776 degF
INFO:root:pressure = 27.417897 inHg
INFO:root:temperature/humidity received time = Mon Nov 19 09:42:57 2018
INFO:root:pressure received time = Mon Nov 19 09:42:57 2018
INFO:root:Rain Count = 0
INFO:root:Rain Time = Mon Nov 19 09:42:57 2018
INFO:root:Using solar: superCap voltage = 5.230954 volts
INFO:root:power received time = Mon Nov 19 09:42:57 2018
INFO:root:Node ETime = Mon Nov 19 09:42:57 2018
INFO:root:Node Time Offset = 0
INFO:root:indoor humidity = 16.045135
INFO:root:indoor temperature = 74.891108 degF
INFO:root:temperature/humidity received time = Mon Nov 19 09:42:57 2018
INFO:root:Wind Speed = 0.000000 mph, Count = 0
INFO:root:Gust Speed = 0.000000 mph, Count = 0
INFO:root:Wind Direction = 237.545488 degrees
INFO:root:Gust Direction = 237.545488 degrees
INFO:root:Wind Time = Mon Nov 19 09:43:57 2018
INFO:root:Gust Time = Mon Nov 19 09:43:57 2018
INFO:root:Direction Time = Mon Nov 19 09:43:57 2018
INFO:root:outdoor humidity = 83.153290
INFO:root:outdoor temperature = 30.527814 degF
INFO:root:pressure = 27.396043 inHg
INFO:root:temperature/humidity received time = Mon Nov 19 09:43:57 2018
INFO:root:pressure received time = Mon Nov 19 09:43:57 2018
INFO:root:Rain Count = 0
INFO:root:Rain Time = Mon Nov 19 09:43:57 2018
INFO:root:Using solar: superCap voltage = 5.229615 volts
INFO:root:power received time = Mon Nov 19 09:43:57 2018
INFO:root:Node ETime = Mon Nov 19 09:43:57 2018
INFO:root:Node Time Offset = 0
INFO:root:indoor humidity = 15.999359
INFO:root:indoor temperature = 75.103465 degF
INFO:root:temperature/humidity received time = Mon Nov 19 09:43:57 2018
INFO:root:Wind Speed = 0.000000 mph, Count = 0
INFO:root:Gust Speed = 0.000000 mph, Count = 0
INFO:root:Wind Direction = 239.211567 degrees
INFO:root:Gust Direction = 239.211567 degrees
INFO:root:Wind Time = Mon Nov 19 09:44:57 2018
INFO:root:Gust Time = Mon Nov 19 09:44:57 2018
INFO:root:Direction Time = Mon Nov 19 09:44:57 2018
INFO:root:outdoor humidity = 82.260651
INFO:root:outdoor temperature = 31.126275 degF
INFO:root:pressure = 27.383048 inHg
INFO:root:temperature/humidity received time = Mon Nov 19 09:44:57 2018
INFO:root:pressure received time = Mon Nov 19 09:44:57 2018
INFO:root:Rain Count = 0
INFO:root:Rain Time = Mon Nov 19 09:44:57 2018
INFO:root:Using solar: superCap voltage = 5.245682 volts
INFO:root:power received time = Mon Nov 19 09:44:57 2018
INFO:root:Node ETime = Mon Nov 19 09:44:57 2018
INFO:root:Node Time Offset = 0
INFO:root:indoor humidity = 16.014618
INFO:root:indoor temperature = 75.026245 degF
INFO:root:temperature/humidity received time = Mon Nov 19 09:44:57 2018
INFO:root:Wind Speed = 0.000000 mph, Count = 0
INFO:root:Gust Speed = 0.000000 mph, Count = 0
INFO:root:Wind Direction = 239.474632 degrees
INFO:root:Gust Direction = 239.474632 degrees
INFO:root:Wind Time = Mon Nov 19 09:45:57 2018
INFO:root:Gust Time = Mon Nov 19 09:45:57 2018
INFO:root:Direction Time = Mon Nov 19 09:45:57 2018
INFO:root:outdoor humidity = 80.231232
INFO:root:outdoor temperature = 31.203496 degF
INFO:root:pressure = 27.381571 inHg
INFO:root:temperature/humidity received time = Mon Nov 19 09:45:57 2018
INFO:root:pressure received time = Mon Nov 19 09:45:57 2018
INFO:root:Rain Count = 0
INFO:root:Rain Time = Mon Nov 19 09:45:57 2018
INFO:root:Using solar: superCap voltage = 5.259070 volts
INFO:root:power received time = Mon Nov 19 09:45:57 2018
INFO:root:Node ETime = Mon Nov 19 09:45:57 2018
INFO:root:Node Time Offset = 0
INFO:root:indoor humidity = 16.029877
INFO:root:indoor temperature = 75.045550 degF
INFO:root:temperature/humidity received time = Mon Nov 19 09:45:57 2018
INFO:root:Wind Speed = 0.000000 mph, Count = 0
INFO:root:Gust Speed = 0.000000 mph, Count = 0
INFO:root:Wind Direction = 239.562320 degrees
INFO:root:Gust Direction = 239.650009 degrees
INFO:root:Wind Time = Mon Nov 19 09:46:57 2018
INFO:root:Gust Time = Mon Nov 19 09:46:57 2018
INFO:root:Direction Time = Mon Nov 19 09:46:57 2018
INFO:root:outdoor humidity = 79.323334
INFO:root:outdoor temperature = 30.740171 degF
INFO:root:pressure = 27.393089 inHg
INFO:root:temperature/humidity received time = Mon Nov 19 09:46:57 2018
INFO:root:pressure received time = Mon Nov 19 09:46:57 2018
INFO:root:Rain Count = 0
INFO:root:Rain Time = Mon Nov 19 09:46:57 2018
INFO:root:Using solar: superCap voltage = 5.232293 volts
INFO:root:power received time = Mon Nov 19 09:46:57 2018
INFO:root:Node ETime = Mon Nov 19 09:46:57 2018
INFO:root:Node Time Offset = 0
INFO:root:indoor humidity = 15.991730
INFO:root:indoor temperature = 75.199991 degF
INFO:root:temperature/humidity received time = Mon Nov 19 09:46:57 2018
INFO:root:Wind Speed = 0.000000 mph, Count = 0
INFO:root:Gust Speed = 0.000000 mph, Count = 0
INFO:root:Wind Direction = 239.299255 degrees
INFO:root:Gust Direction = 239.474632 degrees
INFO:root:Wind Time = Mon Nov 19 09:47:57 2018
INFO:root:Gust Time = Mon Nov 19 09:47:57 2018
INFO:root:Direction Time = Mon Nov 19 09:47:57 2018
INFO:root:outdoor humidity = 79.208893
INFO:root:outdoor temperature = 30.662951 degF
INFO:root:pressure = 27.391613 inHg
INFO:root:temperature/humidity received time = Mon Nov 19 09:47:57 2018
INFO:root:pressure received time = Mon Nov 19 09:47:57 2018
INFO:root:Rain Count = 0
INFO:root:Rain Time = Mon Nov 19 09:47:57 2018
INFO:root:Using solar: superCap voltage = 5.233632 volts
INFO:root:power received time = Mon Nov 19 09:47:57 2018
INFO:root:Node ETime = Mon Nov 19 09:47:57 2018
INFO:root:Node Time Offset = 0
INFO:root:Wind Speed = 0.000000 mph, Count = 0
INFO:root:Gust Speed = 0.000000 mph, Count = 0
INFO:root:Wind Direction = 268.148726 degrees
INFO:root:Gust Direction = 268.061038 degrees
INFO:root:Wind Time = Mon Nov 19 10:13:57 2018
INFO:root:Gust Time = Mon Nov 19 10:13:57 2018
INFO:root:Direction Time = Mon Nov 19 10:13:57 2018
INFO:root:outdoor humidity = 75.188202
INFO:root:outdoor temperature = 33.230539 degF
INFO:root:pressure = 27.326048 inHg
INFO:root:temperature/humidity received time = Mon Nov 19 10:13:57 2018
INFO:root:pressure received time = Mon Nov 19 10:13:57 2018
INFO:root:Rain Count = 0
INFO:root:Rain Time = Mon Nov 19 10:13:57 2018
INFO:root:Using solar: superCap voltage = 5.229615 volts
INFO:root:power received time = Mon Nov 19 10:13:57 2018
INFO:root:Node ETime = Mon Nov 19 10:13:57 2018
INFO:root:Node Time Offset = 0
INFO:root:indoor humidity = 15.556854
INFO:root:indoor temperature = 76.203860 degF
INFO:root:temperature/humidity received time = Mon Nov 19 10:13:56 2018
INFO:root:Wind Speed = 0.000000 mph, Count = 0
INFO:root:Gust Speed = 0.000000 mph, Count = 0
INFO:root:Wind Direction = 269.025610 degrees
INFO:root:Gust Direction = 268.762545 degrees
INFO:root:Wind Time = Mon Nov 19 10:14:56 2018
INFO:root:Gust Time = Mon Nov 19 10:14:56 2018
INFO:root:Direction Time = Mon Nov 19 10:14:56 2018
INFO:root:outdoor humidity = 74.615997
INFO:root:outdoor temperature = 33.172624 degF
INFO:root:pressure = 27.326934 inHg
INFO:root:temperature/humidity received time = Mon Nov 19 10:14:56 2018
INFO:root:pressure received time = Mon Nov 19 10:14:56 2018
INFO:root:Rain Count = 0
INFO:root:Rain Time = Mon Nov 19 10:14:56 2018
INFO:root:Using solar: superCap voltage = 5.229615 volts
INFO:root:power received time = Mon Nov 19 10:14:56 2018
INFO:root:Node ETime = Mon Nov 19 10:14:56 2018
INFO:root:Node Time Offset = 1
INFO:root:indoor humidity = 15.480560
INFO:root:indoor temperature = 76.300386 degF
INFO:root:temperature/humidity received time = Mon Nov 19 10:14:56 2018
INFO:root:Wind Speed = 0.000000 mph, Count = 0
INFO:root:Gust Speed = 0.000000 mph, Count = 0
INFO:root:Wind Direction = 274.286912 degrees
INFO:root:Gust Direction = 274.286912 degrees
INFO:root:Wind Time = Mon Nov 19 10:15:56 2018
INFO:root:Gust Time = Mon Nov 19 10:15:56 2018
INFO:root:Direction Time = Mon Nov 19 10:15:56 2018
INFO:root:outdoor humidity = 74.371857
INFO:root:outdoor temperature = 33.288455 degF
INFO:root:pressure = 27.327820 inHg
INFO:root:temperature/humidity received time = Mon Nov 19 10:15:56 2018
INFO:root:pressure received time = Mon Nov 19 10:15:56 2018
INFO:root:Rain Count = 0
INFO:root:Rain Time = Mon Nov 19 10:15:56 2018
INFO:root:Using solar: superCap voltage = 5.229615 volts
INFO:root:power received time = Mon Nov 19 10:15:56 2018
INFO:root:Node ETime = Mon Nov 19 10:15:56 2018
INFO:root:Node Time Offset = 1
INFO:root:indoor humidity = 15.511078
INFO:root:indoor temperature = 76.358302 degF
INFO:root:temperature/humidity received time = Mon Nov 19 10:15:56 2018
INFO:root:Wind Speed = 0.000000 mph, Count = 0
INFO:root:Gust Speed = 0.000000 mph, Count = 0
INFO:root:Wind Direction = 275.777614 degrees
INFO:root:Gust Direction = 275.777614 degrees
INFO:root:Wind Time = Mon Nov 19 10:16:56 2018
INFO:root:Gust Time = Mon Nov 19 10:16:56 2018
INFO:root:Direction Time = Mon Nov 19 10:16:56 2018
INFO:root:outdoor humidity = 74.249786
INFO:root:outdoor temperature = 33.230539 degF
INFO:root:pressure = 27.327820 inHg
INFO:root:temperature/humidity received time = Mon Nov 19 10:16:56 2018
INFO:root:pressure received time = Mon Nov 19 10:16:56 2018
INFO:root:Rain Count = 0
INFO:root:Rain Time = Mon Nov 19 10:16:56 2018
INFO:root:Using solar: superCap voltage = 5.248359 volts
INFO:root:power received time = Mon Nov 19 10:16:56 2018
INFO:root:Wind Speed = 0.000000 mph, Count = 0
INFO:root:Gust Speed = 0.000000 mph, Count = 0
INFO:root:Wind Direction = 171.954593 degrees
INFO:root:Gust Direction = 171.954593 degrees
INFO:root:Wind Time = Mon Nov 19 10:17:56 2018
INFO:root:Gust Time = Mon Nov 19 10:17:56 2018
INFO:root:Direction Time = Mon Nov 19 10:17:56 2018
INFO:root:outdoor humidity = 75.073761
INFO:root:outdoor temperature = 34.079967 degF
INFO:root:pressure = 27.305966 inHg
INFO:root:temperature/humidity received time = Mon Nov 19 10:17:56 2018
INFO:root:pressure received time = Mon Nov 19 10:17:56 2018
INFO:root:Rain Count = 0
INFO:root:Rain Time = Mon Nov 19 10:17:56 2018
INFO:root:Using solar: superCap voltage = 5.228276 volts
INFO:root:power received time = Mon Nov 19 10:17:56 2018
INFO:root:Node ETime = Mon Nov 19 10:17:56 2018
INFO:root:Node Time Offset = 1
INFO:root:indoor humidity = 15.419525
INFO:root:indoor temperature = 76.474133 degF
INFO:root:temperature/humidity received time = Mon Nov 19 10:17:56 2018
INFO:root:Wind Speed = 0.000000 mph, Count = 0
INFO:root:Gust Speed = 0.000000 mph, Count = 0
INFO:root:Wind Direction = 187.826186 degrees
INFO:root:Gust Direction = 188.001563 degrees
INFO:root:Wind Time = Mon Nov 19 10:18:56 2018
INFO:root:Gust Time = Mon Nov 19 10:18:56 2018
INFO:root:Direction Time = Mon Nov 19 10:18:56 2018
INFO:root:outdoor humidity = 75.295013
INFO:root:outdoor temperature = 34.427460 degF
INFO:root:pressure = 27.298287 inHg
INFO:root:temperature/humidity received time = Mon Nov 19 10:18:56 2018
INFO:root:pressure received time = Mon Nov 19 10:18:56 2018
INFO:root:Rain Count = 0
INFO:root:Rain Time = Mon Nov 19 10:18:56 2018
INFO:root:Using solar: superCap voltage = 5.229615 volts
INFO:root:power received time = Mon Nov 19 10:18:56 2018
INFO:root:Node ETime = Mon Nov 19 10:18:56 2018
INFO:root:Node Time Offset = 1
INFO:root:indoor humidity = 15.381378
INFO:root:indoor temperature = 76.551354 degF
INFO:root:temperature/humidity received time = Mon Nov 19 10:18:56 2018
INFO:root:Wind Speed = 0.000000 mph, Count = 0
INFO:root:Gust Speed = 0.000000 mph, Count = 0
INFO:root:Wind Direction = 166.868668 degrees
INFO:root:Gust Direction = 166.780979 degrees
INFO:root:Wind Time = Mon Nov 19 10:19:56 2018
INFO:root:Gust Time = Mon Nov 19 10:19:56 2018
INFO:root:Direction Time = Mon Nov 19 10:19:56 2018
INFO:root:outdoor humidity = 73.761505
INFO:root:outdoor temperature = 34.408155 degF
INFO:root:pressure = 27.299764 inHg
INFO:root:temperature/humidity received time = Mon Nov 19 10:19:56 2018
INFO:root:pressure received time = Mon Nov 19 10:19:56 2018
INFO:root:Rain Count = 0
INFO:root:Rain Time = Mon Nov 19 10:19:56 2018
INFO:root:Using solar: superCap voltage = 5.222921 volts
INFO:root:power received time = Mon Nov 19 10:19:56 2018
INFO:root:Node ETime = Mon Nov 19 10:19:56 2018
INFO:root:Node Time Offset = 1
INFO:root:indoor humidity = 15.404266
INFO:root:indoor temperature = 76.396912 degF
INFO:root:temperature/humidity received time = Mon Nov 19 10:19:56 2018
INFO:root:Wind Speed = 0.000000 mph, Count = 0
INFO:root:Gust Speed = 0.000000 mph, Count = 0
INFO:root:Wind Direction = 202.294766 degrees
INFO:root:Gust Direction = 202.119389 degrees
INFO:root:Wind Time = Mon Nov 19 10:20:56 2018
INFO:root:Gust Time = Mon Nov 19 10:20:56 2018
INFO:root:Direction Time = Mon Nov 19 10:20:56 2018
INFO:root:outdoor humidity = 73.425812
INFO:root:outdoor temperature = 34.408155 degF
INFO:root:pressure = 27.296515 inHg
INFO:root:temperature/humidity received time = Mon Nov 19 10:20:56 2018
INFO:root:pressure received time = Mon Nov 19 10:20:56 2018
INFO:root:Rain Count = 0
INFO:root:Rain Time = Mon Nov 19 10:20:56 2018
INFO:root:Using solar: superCap voltage = 5.229615 volts
INFO:root:power received time = Mon Nov 19 10:20:56 2018
INFO:root:Node ETime = Mon Nov 19 10:20:56 2018
INFO:root:Node Time Offset = 1
INFO:root:indoor humidity = 15.396637
INFO:root:indoor temperature = 76.474133 degF
INFO:root:temperature/humidity received time = Mon Nov 19 10:20:56 2018
INFO:root:Wind Speed = 0.000000 mph, Count = 0
INFO:root:Gust Speed = 0.000000 mph, Count = 0
INFO:root:Wind Direction = 202.382455 degrees
INFO:root:Gust Direction = 202.207078 degrees
INFO:root:Wind Time = Mon Nov 19 10:21:56 2018
INFO:root:Gust Time = Mon Nov 19 10:21:56 2018
INFO:root:Direction Time = Mon Nov 19 10:21:56 2018
INFO:root:outdoor humidity = 72.998566
INFO:root:outdoor temperature = 34.562596 degF
INFO:root:pressure = 27.292676 inHg
INFO:root:temperature/humidity received time = Mon Nov 19 10:21:56 2018
INFO:root:pressure received time = Mon Nov 19 10:21:56 2018
INFO:root:Rain Count = 0
INFO:root:Rain Time = Mon Nov 19 10:21:56 2018
INFO:root:Using solar: superCap voltage = 5.222921 volts
INFO:root:power received time = Mon Nov 19 10:21:56 2018
INFO:root:Node ETime = Mon Nov 19 10:21:56 2018
INFO:root:Node Time Offset = 1
INFO:root:indoor humidity = 15.373749
INFO:root:indoor temperature = 76.474133 degF
INFO:root:temperature/humidity received time = Mon Nov 19 10:21:56 2018
INFO:root:Wind Speed = 0.000000 mph, Count = 0
INFO:root:Gust Speed = 0.000000 mph, Count = 0
INFO:root:Wind Direction = 199.576427 degrees
INFO:root:Gust Direction = 199.664115 degrees
INFO:root:Wind Time = Mon Nov 19 10:22:56 2018
INFO:root:Gust Time = Mon Nov 19 10:22:56 2018
INFO:root:Direction Time = Mon Nov 19 10:22:56 2018
INFO:root:outdoor humidity = 72.594208
INFO:root:outdoor temperature = 34.968005 degF
INFO:root:pressure = 27.285588 inHg
INFO:root:temperature/humidity received time = Mon Nov 19 10:22:56 2018
INFO:root:pressure received time = Mon Nov 19 10:22:56 2018
INFO:root:Rain Count = 0
INFO:root:Rain Time = Mon Nov 19 10:22:56 2018
INFO:root:Using solar: superCap voltage = 5.226938 volts
INFO:root:power received time = Mon Nov 19 10:22:56 2018
INFO:root:Node ETime = Mon Nov 19 10:22:56 2018
INFO:root:Node Time Offset = 1
INFO:root:indoor humidity = 15.373749
INFO:root:indoor temperature = 76.454828 degF
INFO:root:temperature/humidity received time = Mon Nov 19 10:22:56 2018
INFO:root:Wind Speed = 0.000000 mph, Count = 0
INFO:root:Gust Speed = 0.000000 mph, Count = 0
INFO:root:Wind Direction = 201.330194 degrees
INFO:root:Gust Direction = 201.680948 degrees
INFO:root:Wind Time = Mon Nov 19 10:23:56 2018
INFO:root:Gust Time = Mon Nov 19 10:23:56 2018
INFO:root:Direction Time = Mon Nov 19 10:23:56 2018
INFO:root:outdoor humidity = 72.243256
INFO:root:outdoor temperature = 34.774953 degF
INFO:root:pressure = 27.287064 inHg
INFO:root:temperature/humidity received time = Mon Nov 19 10:23:56 2018
INFO:root:pressure received time = Mon Nov 19 10:23:56 2018
INFO:root:Rain Count = 0
INFO:root:Rain Time = Mon Nov 19 10:23:56 2018
INFO:root:Using solar: superCap voltage = 5.229615 volts
INFO:root:power received time = Mon Nov 19 10:23:56 2018
INFO:root:Node ETime = Mon Nov 19 10:23:56 2018
INFO:root:Node Time Offset = 1
INFO:root:indoor humidity = 15.434784
INFO:root:indoor temperature = 76.396912 degF
INFO:root:temperature/humidity received time = Mon Nov 19 10:23:56 2018
INFO:root:Wind Speed = 0.000000 mph, Count = 0
INFO:root:Gust Speed = 0.000000 mph, Count = 0
INFO:root:Wind Direction = 193.613618 degrees
INFO:root:Gust Direction = 193.613618 degrees
INFO:root:Wind Time = Mon Nov 19 10:24:56 2018
INFO:root:Gust Time = Mon Nov 19 10:24:56 2018
INFO:root:Direction Time = Mon Nov 19 10:24:56 2018
INFO:root:outdoor humidity = 72.441620
INFO:root:outdoor temperature = 34.601207 degF
INFO:root:pressure = 27.289427 inHg
INFO:root:temperature/humidity received time = Mon Nov 19 10:24:56 2018
INFO:root:pressure received time = Mon Nov 19 10:24:56 2018
INFO:root:Rain Count = 0
INFO:root:Rain Time = Mon Nov 19 10:24:56 2018
INFO:root:Using solar: superCap voltage = 5.226938 volts
INFO:root:power received time = Mon Nov 19 10:24:56 2018
INFO:root:Node ETime = Mon Nov 19 10:24:56 2018
INFO:root:Node Time Offset = 1
INFO:root:indoor humidity = 15.442413
INFO:root:indoor temperature = 76.396912 degF
INFO:root:temperature/humidity received time = Mon Nov 19 10:24:56 2018
INFO:root:Wind Speed = 0.000000 mph, Count = 0
INFO:root:Gust Speed = 0.000000 mph, Count = 0
INFO:root:Wind Direction = 201.242506 degrees
INFO:root:Gust Direction = 201.330194 degrees
INFO:root:Wind Time = Mon Nov 19 10:25:56 2018
INFO:root:Gust Time = Mon Nov 19 10:25:56 2018
INFO:root:Direction Time = Mon Nov 19 10:25:56 2018
INFO:root:outdoor humidity = 73.265594
INFO:root:outdoor temperature = 34.852174 degF
INFO:root:pressure = 27.281748 inHg
INFO:root:temperature/humidity received time = Mon Nov 19 10:25:56 2018
INFO:root:pressure received time = Mon Nov 19 10:25:56 2018
INFO:root:Rain Count = 0
INFO:root:Rain Time = Mon Nov 19 10:25:56 2018
INFO:root:Using solar: superCap voltage = 5.228276 volts
INFO:root:power received time = Mon Nov 19 10:25:56 2018
INFO:root:Node ETime = Mon Nov 19 10:25:56 2018
INFO:root:Node Time Offset = 1
INFO:root:indoor humidity = 15.465302
INFO:root:indoor temperature = 76.377607 degF
INFO:root:temperature/humidity received time = Mon Nov 19 10:25:56 2018
INFO:root:Wind Speed = 0.000000 mph, Count = 0
INFO:root:Gust Speed = 0.000000 mph, Count = 0
INFO:root:Wind Direction = 199.927180 degrees
INFO:root:Gust Direction = 199.927180 degrees
INFO:root:Wind Time = Mon Nov 19 10:26:56 2018
INFO:root:Gust Time = Mon Nov 19 10:26:56 2018
INFO:root:Direction Time = Mon Nov 19 10:26:56 2018
INFO:root:outdoor humidity = 73.372406
INFO:root:outdoor temperature = 34.736343 degF
INFO:root:pressure = 27.284702 inHg
INFO:root:temperature/humidity received time = Mon Nov 19 10:26:56 2018
INFO:root:pressure received time = Mon Nov 19 10:26:56 2018
INFO:root:Rain Count = 0
INFO:root:Rain Time = Mon Nov 19 10:26:56 2018
INFO:root:Using solar: superCap voltage = 5.244343 volts
INFO:root:power received time = Mon Nov 19 10:26:56 2018
INFO:root:Node ETime = Mon Nov 19 10:26:56 2018
INFO:root:Node Time Offset = 1
INFO:root:indoor humidity = 15.419525
INFO:root:indoor temperature = 76.454828 degF
INFO:root:temperature/humidity received time = Mon Nov 19 10:26:56 2018
INFO:root:Wind Speed = 0.000000 mph, Count = 0
INFO:root:Gust Speed = 0.000000 mph, Count = 0
INFO:root:Wind Direction = 200.277934 degrees
INFO:root:Gust Direction = 200.277934 degrees
INFO:root:Wind Time = Mon Nov 19 10:27:56 2018
INFO:root:Gust Time = Mon Nov 19 10:27:56 2018
INFO:root:Direction Time = Mon Nov 19 10:27:56 2018
INFO:root:outdoor humidity = 73.479218
INFO:root:outdoor temperature = 35.315498 degF
INFO:root:pressure = 27.271707 inHg
INFO:root:temperature/humidity received time = Mon Nov 19 10:27:56 2018
INFO:root:pressure received time = Mon Nov 19 10:27:56 2018
INFO:root:Rain Count = 0
INFO:root:Rain Time = Mon Nov 19 10:27:56 2018
INFO:root:Using solar: superCap voltage = 5.229615 volts
INFO:root:power received time = Mon Nov 19 10:27:56 2018
INFO:root:Node ETime = Mon Nov 19 10:27:56 2018
INFO:root:Node Time Offset = 1
INFO:root:indoor humidity = 15.350861
INFO:root:indoor temperature = 76.725100 degF
INFO:root:temperature/humidity received time = Mon Nov 19 10:27:56 2018
INFO:root:Wind Speed = 0.000000 mph, Count = 0
INFO:root:Gust Speed = 0.000000 mph, Count = 0
INFO:root:Wind Direction = 282.003488 degrees
INFO:root:Gust Direction = 281.828111 degrees
INFO:root:Wind Time = Mon Nov 19 10:30:56 2018
INFO:root:Gust Time = Mon Nov 19 10:30:56 2018
INFO:root:Direction Time = Mon Nov 19 10:30:56 2018
INFO:root:outdoor humidity = 70.648712
INFO:root:outdoor temperature = 36.203536 degF
INFO:root:pressure = 27.246013 inHg
INFO:root:temperature/humidity received time = Mon Nov 19 10:30:56 2018
INFO:root:pressure received time = Mon Nov 19 10:30:56 2018
INFO:root:Rain Count = 0
INFO:root:Rain Time = Mon Nov 19 10:30:56 2018
INFO:root:Using solar: superCap voltage = 5.226938 volts
INFO:root:power received time = Mon Nov 19 10:30:56 2018
INFO:root:Node ETime = Mon Nov 19 10:30:56 2018
INFO:root:Node Time Offset = 1
INFO:root:indoor humidity = 15.366119
INFO:root:indoor temperature = 76.512743 degF
INFO:root:temperature/humidity received time = Mon Nov 19 10:30:56 2018
INFO:root:Wind Speed = 0.000000 mph, Count = 0
INFO:root:Gust Speed = 0.000000 mph, Count = 0
INFO:root:Wind Direction = 230.355042 degrees
INFO:root:Gust Direction = 230.267354 degrees
INFO:root:Wind Time = Mon Nov 19 10:31:56 2018
INFO:root:Gust Time = Mon Nov 19 10:31:56 2018
INFO:root:Direction Time = Mon Nov 19 10:31:56 2018
INFO:root:outdoor humidity = 70.389313
INFO:root:outdoor temperature = 36.357978 degF
INFO:root:pressure = 27.244536 inHg
INFO:root:temperature/humidity received time = Mon Nov 19 10:31:56 2018
INFO:root:pressure received time = Mon Nov 19 10:31:56 2018
INFO:root:Rain Count = 0
INFO:root:Rain Time = Mon Nov 19 10:31:56 2018
INFO:root:Using solar: superCap voltage = 5.224260 volts
INFO:root:power received time = Mon Nov 19 10:31:56 2018
INFO:root:Node ETime = Mon Nov 19 10:31:56 2018
INFO:root:Node Time Offset = 1
